<?xml version="1.0" encoding="UTF-8"?>
<testsuite xmlns:xsi="http://www.w3.org/2001/XMLSchema-instance" xsi:noNamespaceSchemaLocation="https://maven.apache.org/surefire/maven-surefire-plugin/xsd/surefire-test-report-3.0.xsd" version="3.0" name="com.diam.app.SampleWarApplicationTests" time="6.217" tests="1" errors="0" skipped="0" failures="0">
  <properties>
    <property name="java.specification.version" value="17"/>
    <property name="sun.cpu.isalist" value="amd64"/>
    <property name="sun.jnu.encoding" value="Cp1252"/>
    <property name="java.class.path" value="C:\Users\prasanth.s\Desktop\sample-twoServices\target\test-classes;C:\Users\prasanth.s\Desktop\sample-twoServices\target\classes;C:\Users\prasanth.s\.m2\repository\org\springframework\boot\spring-boot-starter-web\3.2.8\spring-boot-starter-web-3.2.8.jar;C:\Users\prasanth.s\.m2\repository\org\springframework\boot\spring-boot-starter\3.2.8\spring-boot-starter-3.2.8.jar;C:\Users\prasanth.s\.m2\repository\org\springframework\boot\spring-boot\3.2.8\spring-boot-3.2.8.jar;C:\Users\prasanth.s\.m2\repository\org\springframework\boot\spring-boot-autoconfigure\3.2.8\spring-boot-autoconfigure-3.2.8.jar;C:\Users\prasanth.s\.m2\repository\org\springframework\boot\spring-boot-starter-logging\3.2.8\spring-boot-starter-logging-3.2.8.jar;C:\Users\prasanth.s\.m2\repository\ch\qos\logback\logback-classic\1.4.14\logback-classic-1.4.14.jar;C:\Users\prasanth.s\.m2\repository\ch\qos\logback\logback-core\1.4.14\logback-core-1.4.14.jar;C:\Users\prasanth.s\.m2\repository\org\apache\logging\log4j\log4j-to-slf4j\2.21.1\log4j-to-slf4j-2.21.1.jar;C:\Users\prasanth.s\.m2\repository\org\apache\logging\log4j\log4j-api\2.21.1\log4j-api-2.21.1.jar;C:\Users\prasanth.s\.m2\repository\org\slf4j\jul-to-slf4j\2.0.13\jul-to-slf4j-2.0.13.jar;C:\Users\prasanth.s\.m2\repository\org\yaml\snakeyaml\2.2\snakeyaml-2.2.jar;C:\Users\prasanth.s\.m2\repository\org\springframework\boot\spring-boot-starter-json\3.2.8\spring-boot-starter-json-3.2.8.jar;C:\Users\prasanth.s\.m2\repository\com\fasterxml\jackson\core\jackson-databind\2.15.4\jackson-databind-2.15.4.jar;C:\Users\prasanth.s\.m2\repository\com\fasterxml\jackson\core\jackson-annotations\2.15.4\jackson-annotations-2.15.4.jar;C:\Users\prasanth.s\.m2\repository\com\fasterxml\jackson\core\jackson-core\2.15.4\jackson-core-2.15.4.jar;C:\Users\prasanth.s\.m2\repository\com\fasterxml\jackson\datatype\jackson-datatype-jdk8\2.15.4\jackson-datatype-jdk8-2.15.4.jar;C:\Users\prasanth.s\.m2\repository\com\fasterxml\jackson\datatype\jackson-datatype-jsr310\2.15.4\jackson-datatype-jsr310-2.15.4.jar;C:\Users\prasanth.s\.m2\repository\com\fasterxml\jackson\module\jackson-module-parameter-names\2.15.4\jackson-module-parameter-names-2.15.4.jar;C:\Users\prasanth.s\.m2\repository\org\springframework\spring-web\6.1.11\spring-web-6.1.11.jar;C:\Users\prasanth.s\.m2\repository\io\micrometer\micrometer-observation\1.12.8\micrometer-observation-1.12.8.jar;C:\Users\prasanth.s\.m2\repository\io\micrometer\micrometer-commons\1.12.8\micrometer-commons-1.12.8.jar;C:\Users\prasanth.s\.m2\repository\org\springframework\spring-webmvc\6.1.11\spring-webmvc-6.1.11.jar;C:\Users\prasanth.s\.m2\repository\org\springframework\spring-context\6.1.11\spring-context-6.1.11.jar;C:\Users\prasanth.s\.m2\repository\org\springframework\spring-expression\6.1.11\spring-expression-6.1.11.jar;C:\Users\prasanth.s\.m2\repository\org\springframework\boot\spring-boot-starter-tomcat\3.2.8\spring-boot-starter-tomcat-3.2.8.jar;C:\Users\prasanth.s\.m2\repository\jakarta\annotation\jakarta.annotation-api\2.1.1\jakarta.annotation-api-2.1.1.jar;C:\Users\prasanth.s\.m2\repository\org\apache\tomcat\embed\tomcat-embed-core\10.1.26\tomcat-embed-core-10.1.26.jar;C:\Users\prasanth.s\.m2\repository\org\apache\tomcat\embed\tomcat-embed-el\10.1.26\tomcat-embed-el-10.1.26.jar;C:\Users\prasanth.s\.m2\repository\org\apache\tomcat\embed\tomcat-embed-websocket\10.1.26\tomcat-embed-websocket-10.1.26.jar;C:\Users\prasanth.s\.m2\repository\org\springframework\boot\spring-boot-starter-test\3.2.8\spring-boot-starter-test-3.2.8.jar;C:\Users\prasanth.s\.m2\repository\org\springframework\boot\spring-boot-test\3.2.8\spring-boot-test-3.2.8.jar;C:\Users\prasanth.s\.m2\repository\org\springframework\boot\spring-boot-test-autoconfigure\3.2.8\spring-boot-test-autoconfigure-3.2.8.jar;C:\Users\prasanth.s\.m2\repository\com\jayway\jsonpath\json-path\2.9.0\json-path-2.9.0.jar;C:\Users\prasanth.s\.m2\repository\org\slf4j\slf4j-api\2.0.13\slf4j-api-2.0.13.jar;C:\Users\prasanth.s\.m2\repository\net\minidev\json-smart\2.5.1\json-smart-2.5.1.jar;C:\Users\prasanth.s\.m2\repository\net\minidev\accessors-smart\2.5.1\accessors-smart-2.5.1.jar;C:\Users\prasanth.s\.m2\repository\org\ow2\asm\asm\9.6\asm-9.6.jar;C:\Users\prasanth.s\.m2\repository\org\assertj\assertj-core\3.24.2\assertj-core-3.24.2.jar;C:\Users\prasanth.s\.m2\repository\org\awaitility\awaitility\4.2.1\awaitility-4.2.1.jar;C:\Users\prasanth.s\.m2\repository\org\hamcrest\hamcrest\2.2\hamcrest-2.2.jar;C:\Users\prasanth.s\.m2\repository\org\junit\jupiter\junit-jupiter\5.10.3\junit-jupiter-5.10.3.jar;C:\Users\prasanth.s\.m2\repository\org\junit\jupiter\junit-jupiter-api\5.10.3\junit-jupiter-api-5.10.3.jar;C:\Users\prasanth.s\.m2\repository\org\opentest4j\opentest4j\1.3.0\opentest4j-1.3.0.jar;C:\Users\prasanth.s\.m2\repository\org\junit\platform\junit-platform-commons\1.10.3\junit-platform-commons-1.10.3.jar;C:\Users\prasanth.s\.m2\repository\org\apiguardian\apiguardian-api\1.1.2\apiguardian-api-1.1.2.jar;C:\Users\prasanth.s\.m2\repository\org\junit\jupiter\junit-jupiter-params\5.10.3\junit-jupiter-params-5.10.3.jar;C:\Users\prasanth.s\.m2\repository\org\junit\jupiter\junit-jupiter-engine\5.10.3\junit-jupiter-engine-5.10.3.jar;C:\Users\prasanth.s\.m2\repository\org\junit\platform\junit-platform-engine\1.10.3\junit-platform-engine-1.10.3.jar;C:\Users\prasanth.s\.m2\repository\org\mockito\mockito-junit-jupiter\5.7.0\mockito-junit-jupiter-5.7.0.jar;C:\Users\prasanth.s\.m2\repository\org\skyscreamer\jsonassert\1.5.3\jsonassert-1.5.3.jar;C:\Users\prasanth.s\.m2\repository\com\vaadin\external\google\android-json\0.0.20131108.vaadin1\android-json-0.0.20131108.vaadin1.jar;C:\Users\prasanth.s\.m2\repository\org\springframework\spring-core\6.1.11\spring-core-6.1.11.jar;C:\Users\prasanth.s\.m2\repository\org\springframework\spring-jcl\6.1.11\spring-jcl-6.1.11.jar;C:\Users\prasanth.s\.m2\repository\org\springframework\spring-test\6.1.11\spring-test-6.1.11.jar;C:\Users\prasanth.s\.m2\repository\org\xmlunit\xmlunit-core\2.9.1\xmlunit-core-2.9.1.jar;C:\Users\prasanth.s\.m2\repository\org\mockito\mockito-core\4.6.0\mockito-core-4.6.0.jar;C:\Users\prasanth.s\.m2\repository\net\bytebuddy\byte-buddy\1.14.18\byte-buddy-1.14.18.jar;C:\Users\prasanth.s\.m2\repository\net\bytebuddy\byte-buddy-agent\1.14.18\byte-buddy-agent-1.14.18.jar;C:\Users\prasanth.s\.m2\repository\org\objenesis\objenesis\3.2\objenesis-3.2.jar;C:\Users\prasanth.s\.m2\repository\jakarta\xml\bind\jakarta.xml.bind-api\3.0.1\jakarta.xml.bind-api-3.0.1.jar;C:\Users\prasanth.s\.m2\repository\com\sun\activation\jakarta.activation\2.0.1\jakarta.activation-2.0.1.jar;C:\Users\prasanth.s\.m2\repository\org\glassfish\jaxb\jaxb-runtime\3.0.1\jaxb-runtime-3.0.1.jar;C:\Users\prasanth.s\.m2\repository\org\glassfish\jaxb\jaxb-core\4.0.5\jaxb-core-4.0.5.jar;C:\Users\prasanth.s\.m2\repository\jakarta\activation\jakarta.activation-api\2.1.3\jakarta.activation-api-2.1.3.jar;C:\Users\prasanth.s\.m2\repository\org\eclipse\angus\angus-activation\2.0.2\angus-activation-2.0.2.jar;C:\Users\prasanth.s\.m2\repository\org\glassfish\jaxb\txw2\4.0.5\txw2-4.0.5.jar;C:\Users\prasanth.s\.m2\repository\com\sun\istack\istack-commons-runtime\4.1.2\istack-commons-runtime-4.1.2.jar;C:\Users\prasanth.s\.m2\repository\com\oracle\database\jdbc\ojdbc8\19.8.0.0\ojdbc8-19.8.0.0.jar;C:\Users\prasanth.s\.m2\repository\org\springframework\ws\spring-ws-core\4.0.0\spring-ws-core-4.0.0.jar;C:\Users\prasanth.s\.m2\repository\org\springframework\ws\spring-xml\4.0.11\spring-xml-4.0.11.jar;C:\Users\prasanth.s\.m2\repository\org\springframework\spring-aop\6.1.11\spring-aop-6.1.11.jar;C:\Users\prasanth.s\.m2\repository\org\springframework\spring-beans\6.1.11\spring-beans-6.1.11.jar;C:\Users\prasanth.s\.m2\repository\org\springframework\spring-oxm\6.1.11\spring-oxm-6.1.11.jar;C:\Users\prasanth.s\.m2\repository\jakarta\xml\soap\jakarta.xml.soap-api\3.0.2\jakarta.xml.soap-api-3.0.2.jar;C:\Users\prasanth.s\.m2\repository\com\sun\xml\bind\jaxb-impl\4.0.5\jaxb-impl-4.0.5.jar;C:\Users\prasanth.s\.m2\repository\com\sun\xml\bind\jaxb-core\4.0.5\jaxb-core-4.0.5.jar;C:\Users\prasanth.s\.m2\repository\com\sun\xml\messaging\saaj\saaj-impl\3.0.4\saaj-impl-3.0.4.jar;C:\Users\prasanth.s\.m2\repository\org\jvnet\staxex\stax-ex\2.1.0\stax-ex-2.1.0.jar;C:\Users\prasanth.s\.m2\repository\com\google\code\gson\gson\2.8.9\gson-2.8.9.jar;"/>
    <property name="java.vm.vendor" value="Eclipse Adoptium"/>
    <property name="sun.arch.data.model" value="64"/>
    <property name="user.variant" value=""/>
    <property name="java.vendor.url" value="https://adoptium.net/"/>
    <property name="user.timezone" value="Asia/Muscat"/>
    <property name="os.name" value="Windows Server 2019"/>
    <property name="java.vm.specification.version" value="17"/>
    <property name="sun.java.launcher" value="SUN_STANDARD"/>
    <property name="user.country" value="US"/>
    <property name="sun.boot.library.path" value="C:\sts-4.18.1.RELEASE\plugins\org.eclipse.justj.openjdk.hotspot.jre.full.win32.x86_64_17.0.7.v20230425-1502\jre\bin"/>
    <property name="sun.java.command" value="C:\Users\prasanth.s\AppData\Local\Temp\2\surefire13831961422116261746\surefirebooter-20240807132039914_3.jar C:\Users\prasanth.s\AppData\Local\Temp\2\surefire13831961422116261746 2024-08-07T13-20-39_670-jvmRun1 surefire-20240807132039914_1tmp surefire_0-20240807132039914_2tmp"/>
    <property name="jdk.debug" value="release"/>
    <property name="surefire.test.class.path" value="C:\Users\prasanth.s\Desktop\sample-twoServices\target\test-classes;C:\Users\prasanth.s\Desktop\sample-twoServices\target\classes;C:\Users\prasanth.s\.m2\repository\org\springframework\boot\spring-boot-starter-web\3.2.8\spring-boot-starter-web-3.2.8.jar;C:\Users\prasanth.s\.m2\repository\org\springframework\boot\spring-boot-starter\3.2.8\spring-boot-starter-3.2.8.jar;C:\Users\prasanth.s\.m2\repository\org\springframework\boot\spring-boot\3.2.8\spring-boot-3.2.8.jar;C:\Users\prasanth.s\.m2\repository\org\springframework\boot\spring-boot-autoconfigure\3.2.8\spring-boot-autoconfigure-3.2.8.jar;C:\Users\prasanth.s\.m2\repository\org\springframework\boot\spring-boot-starter-logging\3.2.8\spring-boot-starter-logging-3.2.8.jar;C:\Users\prasanth.s\.m2\repository\ch\qos\logback\logback-classic\1.4.14\logback-classic-1.4.14.jar;C:\Users\prasanth.s\.m2\repository\ch\qos\logback\logback-core\1.4.14\logback-core-1.4.14.jar;C:\Users\prasanth.s\.m2\repository\org\apache\logging\log4j\log4j-to-slf4j\2.21.1\log4j-to-slf4j-2.21.1.jar;C:\Users\prasanth.s\.m2\repository\org\apache\logging\log4j\log4j-api\2.21.1\log4j-api-2.21.1.jar;C:\Users\prasanth.s\.m2\repository\org\slf4j\jul-to-slf4j\2.0.13\jul-to-slf4j-2.0.13.jar;C:\Users\prasanth.s\.m2\repository\org\yaml\snakeyaml\2.2\snakeyaml-2.2.jar;C:\Users\prasanth.s\.m2\repository\org\springframework\boot\spring-boot-starter-json\3.2.8\spring-boot-starter-json-3.2.8.jar;C:\Users\prasanth.s\.m2\repository\com\fasterxml\jackson\core\jackson-databind\2.15.4\jackson-databind-2.15.4.jar;C:\Users\prasanth.s\.m2\repository\com\fasterxml\jackson\core\jackson-annotations\2.15.4\jackson-annotations-2.15.4.jar;C:\Users\prasanth.s\.m2\repository\com\fasterxml\jackson\core\jackson-core\2.15.4\jackson-core-2.15.4.jar;C:\Users\prasanth.s\.m2\repository\com\fasterxml\jackson\datatype\jackson-datatype-jdk8\2.15.4\jackson-datatype-jdk8-2.15.4.jar;C:\Users\prasanth.s\.m2\repository\com\fasterxml\jackson\datatype\jackson-datatype-jsr310\2.15.4\jackson-datatype-jsr310-2.15.4.jar;C:\Users\prasanth.s\.m2\repository\com\fasterxml\jackson\module\jackson-module-parameter-names\2.15.4\jackson-module-parameter-names-2.15.4.jar;C:\Users\prasanth.s\.m2\repository\org\springframework\spring-web\6.1.11\spring-web-6.1.11.jar;C:\Users\prasanth.s\.m2\repository\io\micrometer\micrometer-observation\1.12.8\micrometer-observation-1.12.8.jar;C:\Users\prasanth.s\.m2\repository\io\micrometer\micrometer-commons\1.12.8\micrometer-commons-1.12.8.jar;C:\Users\prasanth.s\.m2\repository\org\springframework\spring-webmvc\6.1.11\spring-webmvc-6.1.11.jar;C:\Users\prasanth.s\.m2\repository\org\springframework\spring-context\6.1.11\spring-context-6.1.11.jar;C:\Users\prasanth.s\.m2\repository\org\springframework\spring-expression\6.1.11\spring-expression-6.1.11.jar;C:\Users\prasanth.s\.m2\repository\org\springframework\boot\spring-boot-starter-tomcat\3.2.8\spring-boot-starter-tomcat-3.2.8.jar;C:\Users\prasanth.s\.m2\repository\jakarta\annotation\jakarta.annotation-api\2.1.1\jakarta.annotation-api-2.1.1.jar;C:\Users\prasanth.s\.m2\repository\org\apache\tomcat\embed\tomcat-embed-core\10.1.26\tomcat-embed-core-10.1.26.jar;C:\Users\prasanth.s\.m2\repository\org\apache\tomcat\embed\tomcat-embed-el\10.1.26\tomcat-embed-el-10.1.26.jar;C:\Users\prasanth.s\.m2\repository\org\apache\tomcat\embed\tomcat-embed-websocket\10.1.26\tomcat-embed-websocket-10.1.26.jar;C:\Users\prasanth.s\.m2\repository\org\springframework\boot\spring-boot-starter-test\3.2.8\spring-boot-starter-test-3.2.8.jar;C:\Users\prasanth.s\.m2\repository\org\springframework\boot\spring-boot-test\3.2.8\spring-boot-test-3.2.8.jar;C:\Users\prasanth.s\.m2\repository\org\springframework\boot\spring-boot-test-autoconfigure\3.2.8\spring-boot-test-autoconfigure-3.2.8.jar;C:\Users\prasanth.s\.m2\repository\com\jayway\jsonpath\json-path\2.9.0\json-path-2.9.0.jar;C:\Users\prasanth.s\.m2\repository\org\slf4j\slf4j-api\2.0.13\slf4j-api-2.0.13.jar;C:\Users\prasanth.s\.m2\repository\net\minidev\json-smart\2.5.1\json-smart-2.5.1.jar;C:\Users\prasanth.s\.m2\repository\net\minidev\accessors-smart\2.5.1\accessors-smart-2.5.1.jar;C:\Users\prasanth.s\.m2\repository\org\ow2\asm\asm\9.6\asm-9.6.jar;C:\Users\prasanth.s\.m2\repository\org\assertj\assertj-core\3.24.2\assertj-core-3.24.2.jar;C:\Users\prasanth.s\.m2\repository\org\awaitility\awaitility\4.2.1\awaitility-4.2.1.jar;C:\Users\prasanth.s\.m2\repository\org\hamcrest\hamcrest\2.2\hamcrest-2.2.jar;C:\Users\prasanth.s\.m2\repository\org\junit\jupiter\junit-jupiter\5.10.3\junit-jupiter-5.10.3.jar;C:\Users\prasanth.s\.m2\repository\org\junit\jupiter\junit-jupiter-api\5.10.3\junit-jupiter-api-5.10.3.jar;C:\Users\prasanth.s\.m2\repository\org\opentest4j\opentest4j\1.3.0\opentest4j-1.3.0.jar;C:\Users\prasanth.s\.m2\repository\org\junit\platform\junit-platform-commons\1.10.3\junit-platform-commons-1.10.3.jar;C:\Users\prasanth.s\.m2\repository\org\apiguardian\apiguardian-api\1.1.2\apiguardian-api-1.1.2.jar;C:\Users\prasanth.s\.m2\repository\org\junit\jupiter\junit-jupiter-params\5.10.3\junit-jupiter-params-5.10.3.jar;C:\Users\prasanth.s\.m2\repository\org\junit\jupiter\junit-jupiter-engine\5.10.3\junit-jupiter-engine-5.10.3.jar;C:\Users\prasanth.s\.m2\repository\org\junit\platform\junit-platform-engine\1.10.3\junit-platform-engine-1.10.3.jar;C:\Users\prasanth.s\.m2\repository\org\mockito\mockito-junit-jupiter\5.7.0\mockito-junit-jupiter-5.7.0.jar;C:\Users\prasanth.s\.m2\repository\org\skyscreamer\jsonassert\1.5.3\jsonassert-1.5.3.jar;C:\Users\prasanth.s\.m2\repository\com\vaadin\external\google\android-json\0.0.20131108.vaadin1\android-json-0.0.20131108.vaadin1.jar;C:\Users\prasanth.s\.m2\repository\org\springframework\spring-core\6.1.11\spring-core-6.1.11.jar;C:\Users\prasanth.s\.m2\repository\org\springframework\spring-jcl\6.1.11\spring-jcl-6.1.11.jar;C:\Users\prasanth.s\.m2\repository\org\springframework\spring-test\6.1.11\spring-test-6.1.11.jar;C:\Users\prasanth.s\.m2\repository\org\xmlunit\xmlunit-core\2.9.1\xmlunit-core-2.9.1.jar;C:\Users\prasanth.s\.m2\repository\org\mockito\mockito-core\4.6.0\mockito-core-4.6.0.jar;C:\Users\prasanth.s\.m2\repository\net\bytebuddy\byte-buddy\1.14.18\byte-buddy-1.14.18.jar;C:\Users\prasanth.s\.m2\repository\net\bytebuddy\byte-buddy-agent\1.14.18\byte-buddy-agent-1.14.18.jar;C:\Users\prasanth.s\.m2\repository\org\objenesis\objenesis\3.2\objenesis-3.2.jar;C:\Users\prasanth.s\.m2\repository\jakarta\xml\bind\jakarta.xml.bind-api\3.0.1\jakarta.xml.bind-api-3.0.1.jar;C:\Users\prasanth.s\.m2\repository\com\sun\activation\jakarta.activation\2.0.1\jakarta.activation-2.0.1.jar;C:\Users\prasanth.s\.m2\repository\org\glassfish\jaxb\jaxb-runtime\3.0.1\jaxb-runtime-3.0.1.jar;C:\Users\prasanth.s\.m2\repository\org\glassfish\jaxb\jaxb-core\4.0.5\jaxb-core-4.0.5.jar;C:\Users\prasanth.s\.m2\repository\jakarta\activation\jakarta.activation-api\2.1.3\jakarta.activation-api-2.1.3.jar;C:\Users\prasanth.s\.m2\repository\org\eclipse\angus\angus-activation\2.0.2\angus-activation-2.0.2.jar;C:\Users\prasanth.s\.m2\repository\org\glassfish\jaxb\txw2\4.0.5\txw2-4.0.5.jar;C:\Users\prasanth.s\.m2\repository\com\sun\istack\istack-commons-runtime\4.1.2\istack-commons-runtime-4.1.2.jar;C:\Users\prasanth.s\.m2\repository\com\oracle\database\jdbc\ojdbc8\19.8.0.0\ojdbc8-19.8.0.0.jar;C:\Users\prasanth.s\.m2\repository\org\springframework\ws\spring-ws-core\4.0.0\spring-ws-core-4.0.0.jar;C:\Users\prasanth.s\.m2\repository\org\springframework\ws\spring-xml\4.0.11\spring-xml-4.0.11.jar;C:\Users\prasanth.s\.m2\repository\org\springframework\spring-aop\6.1.11\spring-aop-6.1.11.jar;C:\Users\prasanth.s\.m2\repository\org\springframework\spring-beans\6.1.11\spring-beans-6.1.11.jar;C:\Users\prasanth.s\.m2\repository\org\springframework\spring-oxm\6.1.11\spring-oxm-6.1.11.jar;C:\Users\prasanth.s\.m2\repository\jakarta\xml\soap\jakarta.xml.soap-api\3.0.2\jakarta.xml.soap-api-3.0.2.jar;C:\Users\prasanth.s\.m2\repository\com\sun\xml\bind\jaxb-impl\4.0.5\jaxb-impl-4.0.5.jar;C:\Users\prasanth.s\.m2\repository\com\sun\xml\bind\jaxb-core\4.0.5\jaxb-core-4.0.5.jar;C:\Users\prasanth.s\.m2\repository\com\sun\xml\messaging\saaj\saaj-impl\3.0.4\saaj-impl-3.0.4.jar;C:\Users\prasanth.s\.m2\repository\org\jvnet\staxex\stax-ex\2.1.0\stax-ex-2.1.0.jar;C:\Users\prasanth.s\.m2\repository\com\google\code\gson\gson\2.8.9\gson-2.8.9.jar;"/>
    <property name="sun.cpu.endian" value="little"/>
    <property name="user.home" value="C:\Users\prasanth.s"/>
    <property name="user.language" value="en"/>
    <property name="java.specification.vendor" value="Oracle Corporation"/>
    <property name="java.version.date" value="2023-04-18"/>
    <property name="java.home" value="C:\sts-4.18.1.RELEASE\plugins\org.eclipse.justj.openjdk.hotspot.jre.full.win32.x86_64_17.0.7.v20230425-1502\jre"/>
    <property name="file.separator" value="\"/>
    <property name="style.color" value="always"/>
    <property name="basedir" value="C:\Users\prasanth.s\Desktop\sample-twoServices"/>
    <property name="java.vm.compressedOopsMode" value="Zero based"/>
    <property name="line.separator" value="&#10;"/>
    <property name="java.vm.specification.vendor" value="Oracle Corporation"/>
    <property name="java.specification.name" value="Java Platform API Specification"/>
    <property name="FILE_LOG_CHARSET" value="windows-1252"/>
    <property name="java.awt.headless" value="true"/>
    <property name="surefire.real.class.path" value="C:\Users\prasanth.s\AppData\Local\Temp\2\surefire13831961422116261746\surefirebooter-20240807132039914_3.jar"/>
    <property name="user.script" value=""/>
    <property name="sun.management.compiler" value="HotSpot 64-Bit Tiered Compilers"/>
    <property name="java.runtime.version" value="17.0.7+7"/>
    <property name="user.name" value="prasanth.s"/>
    <property name="path.separator" value=";"/>
    <property name="os.version" value="10.0"/>
    <property name="java.runtime.name" value="OpenJDK Runtime Environment"/>
    <property name="file.encoding" value="Cp1252"/>
    <property name="java.vm.name" value="OpenJDK 64-Bit Server VM"/>
    <property name="java.vendor.version" value="Temurin-17.0.7+7"/>
    <property name="localRepository" value="C:\Users\prasanth.s\.m2\repository"/>
    <property name="java.vendor.url.bug" value="https://github.com/adoptium/adoptium-support/issues"/>
    <property name="java.io.tmpdir" value="C:\Users\prasanth.s\AppData\Local\Temp\2\"/>
    <property name="java.version" value="17.0.7"/>
    <property name="user.dir" value="C:\Users\prasanth.s\Desktop\sample-twoServices"/>
    <property name="os.arch" value="amd64"/>
    <property name="java.vm.specification.name" value="Java Virtual Machine Specification"/>
    <property name="PID" value="9200"/>
    <property name="sun.os.patch.level" value=""/>
    <property name="CONSOLE_LOG_CHARSET" value="windows-1252"/>
    <property name="native.encoding" value="Cp1252"/>
    <property name="java.library.path" value="C:\sts-4.18.1.RELEASE\plugins\org.eclipse.justj.openjdk.hotspot.jre.full.win32.x86_64_17.0.7.v20230425-1502\jre\bin;C:\Windows\Sun\Java\bin;C:\Windows\system32;C:\Windows;C:/sts-4.18.1.RELEASE//plugins/org.eclipse.justj.openjdk.hotspot.jre.full.win32.x86_64_17.0.7.v20230425-1502/jre/bin/server;C:/sts-4.18.1.RELEASE//plugins/org.eclipse.justj.openjdk.hotspot.jre.full.win32.x86_64_17.0.7.v20230425-1502/jre/bin;C:\Program Files\Common Files\Oracle\Java\javapath;C:\Program Files (x86)\Common Files\Oracle\Java\javapath;C:\Windows\system32;C:\Windows;C:\Windows\System32\Wbem;C:\Windows\System32\WindowsPowerShell\v1.0\;C:\Windows\System32\OpenSSH\;C:\Program Files\dotnet\;C:\Program Files\Microsoft SQL Server\130\Tools\Binn\;C:\Users\pamidmgmt\Downloads\apache-maven-3.9.1-bin\apache-maven-3.9.1\bin;C:\Program Files\Java\jdk-17\bin;C:\Program Files\apache-maven-3.9.6-bin\apache-maven-3.9.6\bin;C:\Program Files\Java\jdk-17\bin;C:\Users\prasanth.s\AppData\Local\Microsoft\WindowsApps;C:\Users\prasanth.s\AppData\Local\Programs\Microsoft VS Code\bin;C:\sts-4.18.1.RELEASE;;."/>
    <property name="java.vm.info" value="mixed mode"/>
    <property name="java.vendor" value="Eclipse Adoptium"/>
    <property name="java.vm.version" value="17.0.7+7"/>
    <property name="sun.io.unicode.encoding" value="UnicodeLittle"/>
    <property name="java.class.version" value="61.0"/>
    <property name="LOGGED_APPLICATION_NAME" value="[sample-war] "/>
  </properties>
  <testcase name="contextLoads" classname="com.diam.app.SampleWarApplicationTests" time="0.803">
    <system-out><![CDATA[13:20:42.154 [main] DEBUG o.s.b.t.c.SpringBootTestContextBootstrapper - 
Neither @ContextConfiguration nor @ContextHierarchy found for test class [SampleWarApplicationTests]: using SpringBootContextLoader
13:20:42.171 [main] DEBUG o.s.t.c.s.AbstractContextLoader - 
Could not detect default resource locations for test class [com.diam.app.SampleWarApplicationTests]: no resource found for suffixes {-context.xml, Context.groovy}.
13:20:42.173 [main] INFO  o.s.t.c.s.AnnotationConfigContextLoaderUtils - 
Could not detect default configuration classes for test class [com.diam.app.SampleWarApplicationTests]: SampleWarApplicationTests does not declare any static, non-private, non-final, nested classes annotated with @Configuration.
13:20:42.194 [main] DEBUG o.s.b.t.c.SpringBootTestContextBootstrapper - 
Using ContextCustomizerFactory implementations for test class [SampleWarApplicationTests]: [ImportsContextCustomizerFactory, ExcludeFilterContextCustomizerFactory, HttpGraphQlTesterContextCustomizerFactory, DuplicateJsonObjectContextCustomizerFactory, MockitoContextCustomizerFactory, TestRestTemplateContextCustomizerFactory, WebTestClientContextCustomizerFactory, DisableReactorResourceFactoryGlobalResourcesContextCustomizerFactory, OverrideAutoConfigurationContextCustomizerFactory, ObservabilityContextCustomizerFactory, TypeExcludeFiltersContextCustomizerFactory, PropertyMappingContextCustomizerFactory, WebDriverContextCustomizerFactory, MockServerContainerContextCustomizerFactory, DynamicPropertiesContextCustomizerFactory]
13:20:42.251 [main] DEBUG o.s.b.t.c.SpringBootTestContextBootstrapper - 
Using ContextCustomizers for test class [SampleWarApplicationTests]: [ExcludeFilterContextCustomizer, DuplicateJsonObjectContextCustomizer, MockitoContextCustomizer, TestRestTemplateContextCustomizer, DisableReactorResourceFactoryGlobalResourcesContextCustomizerCustomizer, DisableObservabilityContextCustomizer, PropertyMappingContextCustomizer, WebDriverContextCustomizer]
13:20:42.587 [main] DEBUG o.s.c.a.ClassPathScanningCandidateComponentProvider - 
Identified candidate component class: file [C:\Users\prasanth.s\Desktop\sample-twoServices\target\classes\com\diam\app\SampleWarApplication.class]
13:20:42.590 [main] INFO  o.s.b.t.c.SpringBootTestContextBootstrapper - 
Found @SpringBootConfiguration com.diam.app.SampleWarApplication for test class com.diam.app.SampleWarApplicationTests
13:20:42.816 [main] DEBUG o.s.t.c.u.TestContextSpringFactoriesUtils - 
Skipping candidate TestExecutionListener [org.springframework.test.context.observation.MicrometerObservationRegistryTestExecutionListener] due to a missing dependency. Specify custom TestExecutionListener classes or make the default TestExecutionListener classes and their required dependencies available. Offending class: io.micrometer.context.ThreadLocalAccessor. MicrometerObservationRegistryTestExecutionListener requires io.micrometer:micrometer-observation:1.10.8 or higher and io.micrometer:context-propagation:1.0.3 or higher.
13:20:42.821 [main] DEBUG o.s.t.c.u.TestContextSpringFactoriesUtils - 
Skipping candidate TestExecutionListener [org.springframework.test.context.transaction.TransactionalTestExecutionListener] due to a missing dependency. Specify custom TestExecutionListener classes or make the default TestExecutionListener classes and their required dependencies available. Offending class: org/springframework/transaction/interceptor/TransactionAttributeSource
13:20:42.824 [main] DEBUG o.s.t.c.u.TestContextSpringFactoriesUtils - 
Skipping candidate TestExecutionListener [org.springframework.test.context.jdbc.SqlScriptsTestExecutionListener] due to a missing dependency. Specify custom TestExecutionListener classes or make the default TestExecutionListener classes and their required dependencies available. Offending class: org/springframework/transaction/interceptor/TransactionAttribute
13:20:42.826 [main] DEBUG o.s.b.t.c.SpringBootTestContextBootstrapper - 
Using TestExecutionListeners for test class [SampleWarApplicationTests]: [ServletTestExecutionListener, DirtiesContextBeforeModesTestExecutionListener, ApplicationEventsTestExecutionListener, MockitoTestExecutionListener, DependencyInjectionTestExecutionListener, DirtiesContextTestExecutionListener, EventPublishingTestExecutionListener, ResetMocksTestExecutionListener, RestDocsTestExecutionListener, MockRestServiceServerResetTestExecutionListener, MockMvcPrintOnlyOnFailureTestExecutionListener, WebDriverTestExecutionListener, MockWebServiceServerTestExecutionListener]
13:20:42.829 [main] DEBUG o.s.t.c.s.DirtiesContextBeforeModesTestExecutionListener - 
Before test class: class [SampleWarApplicationTests], class annotated with @DirtiesContext [false] with mode [null]

  .   ____          _            __ _ _
 /\\ / ___'_ __ _ _(_)_ __  __ _ \ \ \ \
( ( )\___ | '_ | '_| | '_ \/ _` | \ \ \ \
 \\/  ___)| |_)| | | | | || (_| |  ) ) ) )
  '  |____| .__|_| |_|_| |_\__, | / / / /
 =========|_|==============|___/=/_/_/_/
 :: Spring Boot ::                (v3.2.8)

13:20:43.453 [main] INFO  c.diam.app.SampleWarApplicationTests - 
Starting SampleWarApplicationTests using Java 17.0.7 with PID 9200 (started by prasanth.s in C:\Users\prasanth.s\Desktop\sample-twoServices)
13:20:43.458 [main] DEBUG c.diam.app.SampleWarApplicationTests - 
Running with Spring Boot v3.2.8, Spring v6.1.11
13:20:43.460 [main] INFO  c.diam.app.SampleWarApplicationTests - 
No active profile set, falling back to 1 default profile: "default"
13:20:43.463 [main] DEBUG o.s.boot.SpringApplication - 
Loading source class com.diam.app.SampleWarApplication
13:20:43.691 [main] DEBUG o.s.w.c.s.GenericWebApplicationContext - 
Refreshing org.springframework.web.context.support.GenericWebApplicationContext@24097e9b
13:20:43.726 [main] DEBUG o.s.b.f.s.DefaultListableBeanFactory - 
Creating shared instance of singleton bean 'org.springframework.context.annotation.internalConfigurationAnnotationProcessor'
13:20:43.774 [main] DEBUG o.s.b.f.s.DefaultListableBeanFactory - 
Creating shared instance of singleton bean 'org.springframework.boot.autoconfigure.internalCachingMetadataReaderFactory'
13:20:43.867 [main] DEBUG o.s.c.a.ClassPathBeanDefinitionScanner - 
Identified candidate component class: file [C:\Users\prasanth.s\Desktop\sample-twoServices\target\classes\com\diam\app\config\WebConfig.class]
13:20:43.898 [main] DEBUG o.s.c.a.ClassPathBeanDefinitionScanner - 
Identified candidate component class: file [C:\Users\prasanth.s\Desktop\sample-twoServices\target\classes\com\diam\app\controller\Controllers.class]
13:20:43.906 [main] DEBUG o.s.c.a.ClassPathBeanDefinitionScanner - 
Identified candidate component class: file [C:\Users\prasanth.s\Desktop\sample-twoServices\target\classes\com\diam\app\controller\DiamControllerVer1.class]
13:20:43.918 [main] DEBUG o.s.c.a.ClassPathBeanDefinitionScanner - 
Identified candidate component class: file [C:\Users\prasanth.s\Desktop\sample-twoServices\target\classes\com\diam\app\controller\DiamControllerVer2.class]
13:20:43.921 [main] DEBUG o.s.c.a.ClassPathBeanDefinitionScanner - 
Identified candidate component class: file [C:\Users\prasanth.s\Desktop\sample-twoServices\target\classes\com\diam\app\esb\ConnectionHelper.class]
13:20:43.929 [main] DEBUG o.s.c.a.ClassPathBeanDefinitionScanner - 
Identified candidate component class: file [C:\Users\prasanth.s\Desktop\sample-twoServices\target\classes\com\diam\app\interceptor\BaseInterceptor.class]
13:20:43.940 [main] DEBUG o.s.c.a.ClassPathBeanDefinitionScanner - 
Identified candidate component class: file [C:\Users\prasanth.s\Desktop\sample-twoServices\target\classes\com\diam\app\service\DiamServiceVer1.class]
13:20:43.946 [main] DEBUG o.s.c.a.ClassPathBeanDefinitionScanner - 
Identified candidate component class: file [C:\Users\prasanth.s\Desktop\sample-twoServices\target\classes\com\diam\app\service\DiamServiceVer2.class]
13:20:43.947 [main] DEBUG o.s.c.a.ClassPathBeanDefinitionScanner - 
Identified candidate component class: file [C:\Users\prasanth.s\Desktop\sample-twoServices\target\classes\com\diam\app\service\GetRecordCSHandlerVer1.class]
13:20:43.949 [main] DEBUG o.s.c.a.ClassPathBeanDefinitionScanner - 
Identified candidate component class: file [C:\Users\prasanth.s\Desktop\sample-twoServices\target\classes\com\diam\app\service\GetRecordCSHandlerVer2.class]
13:20:43.950 [main] DEBUG o.s.c.a.ClassPathBeanDefinitionScanner - 
Identified candidate component class: file [C:\Users\prasanth.s\Desktop\sample-twoServices\target\classes\com\diam\app\service\GetRecordGISCSHandlerVer1.class]
13:20:43.960 [main] DEBUG o.s.c.a.ClassPathBeanDefinitionScanner - 
Identified candidate component class: file [C:\Users\prasanth.s\Desktop\sample-twoServices\target\classes\com\diam\app\service\GetRecordGISCSHandlerVer2.class]
13:20:43.963 [main] DEBUG o.s.c.a.ClassPathBeanDefinitionScanner - 
Identified candidate component class: file [C:\Users\prasanth.s\Desktop\sample-twoServices\target\classes\com\diam\app\utils\DBUtils.class]
13:20:45.250 [main] DEBUG o.s.b.f.s.DefaultListableBeanFactory - 
Creating shared instance of singleton bean 'propertySourcesPlaceholderConfigurer'
13:20:45.263 [main] DEBUG o.s.b.f.s.DefaultListableBeanFactory - 
Creating shared instance of singleton bean 'org.springframework.boot.test.mock.mockito.MockitoPostProcessor'
13:20:45.307 [main] DEBUG o.s.b.f.s.DefaultListableBeanFactory - 
Creating shared instance of singleton bean 'org.springframework.boot.sql.init.dependency.DatabaseInitializationDependencyConfigurer$DependsOnDatabaseInitializationPostProcessor'
13:20:45.408 [main] DEBUG o.s.b.f.s.DefaultListableBeanFactory - 
Creating shared instance of singleton bean 'org.springframework.context.event.internalEventListenerProcessor'
13:20:45.410 [main] DEBUG o.s.b.f.s.DefaultListableBeanFactory - 
Creating shared instance of singleton bean 'preserveErrorControllerTargetClassPostProcessor'
13:20:45.411 [main] DEBUG o.s.b.f.s.DefaultListableBeanFactory - 
Creating shared instance of singleton bean 'forceAutoProxyCreatorToUseClassProxying'
13:20:45.412 [main] DEBUG o.s.b.f.s.DefaultListableBeanFactory - 
Creating shared instance of singleton bean 'org.springframework.context.event.internalEventListenerFactory'
13:20:45.434 [main] DEBUG o.s.b.f.s.DefaultListableBeanFactory - 
Creating shared instance of singleton bean 'org.springframework.boot.test.mock.mockito.MockitoPostProcessor$SpyPostProcessor'
13:20:45.437 [main] DEBUG o.s.b.f.s.DefaultListableBeanFactory - 
Creating shared instance of singleton bean 'org.springframework.context.annotation.internalAutowiredAnnotationProcessor'
13:20:45.439 [main] DEBUG o.s.b.f.s.DefaultListableBeanFactory - 
Creating shared instance of singleton bean 'org.springframework.context.annotation.internalCommonAnnotationProcessor'
13:20:45.444 [main] DEBUG o.s.b.f.s.DefaultListableBeanFactory - 
Creating shared instance of singleton bean 'org.springframework.boot.context.properties.ConfigurationPropertiesBindingPostProcessor'
13:20:45.446 [main] DEBUG o.s.b.f.s.DefaultListableBeanFactory - 
Creating shared instance of singleton bean 'org.springframework.boot.context.internalConfigurationPropertiesBinder'
13:20:45.455 [main] DEBUG o.s.b.f.s.DefaultListableBeanFactory - 
Creating shared instance of singleton bean 'annotationActionEndpointMapping'
13:20:45.455 [main] DEBUG o.s.b.f.s.DefaultListableBeanFactory - 
Creating shared instance of singleton bean 'org.springframework.ws.config.annotation.DelegatingWsConfiguration'
13:20:45.467 [main] WARN  o.s.c.s.PostProcessorRegistrationDelegate$BeanPostProcessorChecker - 
Bean 'org.springframework.ws.config.annotation.DelegatingWsConfiguration' of type [org.springframework.ws.config.annotation.DelegatingWsConfiguration$$SpringCGLIB$$0] is not eligible for getting processed by all BeanPostProcessors (for example: not eligible for auto-proxying). The currently created BeanPostProcessor [annotationActionEndpointMapping] is declared through a non-static factory method on that class; consider declaring it as static instead.
13:20:45.512 [main] INFO  o.s.w.s.a.s.AnnotationActionEndpointMapping - 
Supporting [WS-Addressing August 2004, WS-Addressing 1.0]
13:20:45.513 [main] DEBUG o.s.b.f.s.DefaultListableBeanFactory - 
Creating shared instance of singleton bean 'org.springframework.aop.config.internalAutoProxyCreator'
13:20:45.528 [main] DEBUG o.s.b.f.s.DefaultListableBeanFactory - 
Creating shared instance of singleton bean 'webServerFactoryCustomizerBeanPostProcessor'
13:20:45.529 [main] DEBUG o.s.b.f.s.DefaultListableBeanFactory - 
Creating shared instance of singleton bean 'errorPageRegistrarBeanPostProcessor'
13:20:45.535 [main] DEBUG o.s.u.c.s.UiApplicationContextUtils - 
Unable to locate ThemeSource with name 'themeSource': using default [org.springframework.ui.context.support.ResourceBundleThemeSource@5befbac1]
13:20:45.538 [main] DEBUG o.s.b.f.s.DefaultListableBeanFactory - 
Creating shared instance of singleton bean 'sampleWarApplication'
13:20:45.546 [main] DEBUG o.s.b.f.s.DefaultListableBeanFactory - 
Creating shared instance of singleton bean 'webConfig'
13:20:45.551 [main] DEBUG o.s.b.f.s.DefaultListableBeanFactory - 
Creating shared instance of singleton bean 'baseInterceptor'
13:20:45.554 [main] DEBUG o.s.b.f.s.DefaultListableBeanFactory - 
Creating shared instance of singleton bean 'controllers'
13:20:45.556 [main] DEBUG o.s.b.f.s.DefaultListableBeanFactory - 
Creating shared instance of singleton bean 'diamControllerVer1'
13:20:45.571 [main] DEBUG o.s.b.f.s.DefaultListableBeanFactory - 
Creating shared instance of singleton bean 'diamServiceVer1'
13:20:45.573 [main] DEBUG o.s.c.e.PropertySourcesPropertyResolver - 
Found key 'getbilldata-target-url' in PropertySource 'environmentProperties' with value of type String
13:20:45.575 [main] DEBUG o.s.c.e.PropertySourcesPropertyResolver - 
Found key 'getbillpdf-target-url' in PropertySource 'environmentProperties' with value of type String
13:20:45.577 [main] DEBUG o.s.c.e.PropertySourcesPropertyResolver - 
Found key 'getgbill64-target-url' in PropertySource 'environmentProperties' with value of type String
13:20:45.578 [main] DEBUG o.s.c.e.PropertySourcesPropertyResolver - 
Found key 'getbilldetails-target-url' in PropertySource 'environmentProperties' with value of type String
13:20:45.582 [main] DEBUG o.s.c.e.PropertySourcesPropertyResolver - 
Found key 'getbillsummary-target-url' in PropertySource 'environmentProperties' with value of type String
13:20:45.585 [main] DEBUG o.s.c.e.PropertySourcesPropertyResolver - 
Found key 'getgroupbilldetails-target-url' in PropertySource 'environmentProperties' with value of type String
13:20:45.588 [main] DEBUG o.s.c.e.PropertySourcesPropertyResolver - 
Found key 'getgroupbillinfo-target-url' in PropertySource 'environmentProperties' with value of type String
13:20:45.590 [main] DEBUG o.s.c.e.PropertySourcesPropertyResolver - 
Found key 'inquirypayment-target-url' in PropertySource 'environmentProperties' with value of type String
13:20:45.592 [main] DEBUG o.s.b.f.s.DefaultListableBeanFactory - 
Creating shared instance of singleton bean 'getRecordCSHandlerVer1'
13:20:45.595 [main] DEBUG o.s.c.e.PropertySourcesPropertyResolver - 
Found key 'getmeterreading-target-url' in PropertySource 'environmentProperties' with value of type String
13:20:45.597 [main] DEBUG o.s.c.e.PropertySourcesPropertyResolver - 
Found key 'getrecordcs-target-url' in PropertySource 'environmentProperties' with value of type String
13:20:45.599 [main] DEBUG o.s.c.e.PropertySourcesPropertyResolver - 
Found key 'gis-getrecord-target-url' in PropertySource 'environmentProperties' with value of type String
13:20:45.601 [main] DEBUG o.s.c.e.PropertySourcesPropertyResolver - 
Found key 'auth-username' in PropertySource 'environmentProperties' with value of type String
13:20:45.602 [main] DEBUG o.s.c.e.PropertySourcesPropertyResolver - 
Found key 'auth-password' in PropertySource 'environmentProperties' with value of type String
13:20:45.605 [main] DEBUG o.s.b.f.s.DefaultListableBeanFactory - 
Creating shared instance of singleton bean 'getRecordGISCSHandlerVer1'
13:20:45.610 [main] DEBUG o.s.c.e.PropertySourcesPropertyResolver - 
Found key 'getmeterreading-target-url' in PropertySource 'environmentProperties' with value of type String
13:20:45.612 [main] DEBUG o.s.c.e.PropertySourcesPropertyResolver - 
Found key 'getrecordcs-target-url' in PropertySource 'environmentProperties' with value of type String
13:20:45.614 [main] DEBUG o.s.c.e.PropertySourcesPropertyResolver - 
Found key 'gis-getrecord-target-url' in PropertySource 'environmentProperties' with value of type String
13:20:45.615 [main] DEBUG o.s.c.e.PropertySourcesPropertyResolver - 
Found key 'auth-username' in PropertySource 'environmentProperties' with value of type String
13:20:45.618 [main] DEBUG o.s.c.e.PropertySourcesPropertyResolver - 
Found key 'auth-password' in PropertySource 'environmentProperties' with value of type String
13:20:45.620 [main] DEBUG o.s.c.e.PropertySourcesPropertyResolver - 
Found key 'getplotdetailsbycrookie-target-url' in PropertySource 'environmentProperties' with value of type String
13:20:45.621 [main] DEBUG o.s.c.e.PropertySourcesPropertyResolver - 
Found key 'getplotdetailsbycrookie-soap-action' in PropertySource 'environmentProperties' with value of type String
13:20:45.622 [main] DEBUG o.s.c.e.PropertySourcesPropertyResolver - 
Found key 'getplotdetailsbycrookie.username' in PropertySource 'environmentProperties' with value of type String
13:20:45.624 [main] DEBUG o.s.c.e.PropertySourcesPropertyResolver - 
Found key 'getplotdetailsbycrookie.password' in PropertySource 'environmentProperties' with value of type String
13:20:45.628 [main] DEBUG o.s.c.e.PropertySourcesPropertyResolver - 
Found key 'getsocialbenefitdata.username' in PropertySource 'environmentProperties' with value of type String
13:20:45.630 [main] DEBUG o.s.c.e.PropertySourcesPropertyResolver - 
Found key 'getsocialbenefitdata.password' in PropertySource 'environmentProperties' with value of type String
13:20:45.634 [main] DEBUG o.s.c.e.PropertySourcesPropertyResolver - 
Found key 'getsocialbenefitdata-target-url' in PropertySource 'environmentProperties' with value of type String
13:20:45.636 [main] DEBUG o.s.c.e.PropertySourcesPropertyResolver - 
Found key 'getsocialbenefitdata-soap-action' in PropertySource 'environmentProperties' with value of type String
13:20:45.637 [main] DEBUG o.s.c.e.PropertySourcesPropertyResolver - 
Found key 'getsocialbenefitdata-target-request-body' in PropertySource 'environmentProperties' with value of type String
13:20:45.639 [main] DEBUG o.s.c.e.PropertySourcesPropertyResolver - 
Found key 'getmeterreading-target-url' in PropertySource 'environmentProperties' with value of type String
13:20:45.641 [main] DEBUG o.s.c.e.PropertySourcesPropertyResolver - 
Found key 'auth-username' in PropertySource 'environmentProperties' with value of type String
13:20:45.642 [main] DEBUG o.s.c.e.PropertySourcesPropertyResolver - 
Found key 'auth-password' in PropertySource 'environmentProperties' with value of type String
13:20:45.643 [main] DEBUG o.s.b.f.s.DefaultListableBeanFactory - 
Creating shared instance of singleton bean 'diamControllerVer2'
13:20:45.648 [main] DEBUG o.s.b.f.s.DefaultListableBeanFactory - 
Creating shared instance of singleton bean 'diamServiceVer2'
13:20:45.650 [main] DEBUG o.s.c.e.PropertySourcesPropertyResolver - 
Found key 'getbilldata-target-url' in PropertySource 'environmentProperties' with value of type String
13:20:45.651 [main] DEBUG o.s.c.e.PropertySourcesPropertyResolver - 
Found key 'getbillpdf-target-url' in PropertySource 'environmentProperties' with value of type String
13:20:45.652 [main] DEBUG o.s.c.e.PropertySourcesPropertyResolver - 
Found key 'getgbill64-target-url' in PropertySource 'environmentProperties' with value of type String
13:20:45.653 [main] DEBUG o.s.c.e.PropertySourcesPropertyResolver - 
Found key 'getbilldetails-target-url' in PropertySource 'environmentProperties' with value of type String
13:20:45.654 [main] DEBUG o.s.c.e.PropertySourcesPropertyResolver - 
Found key 'getbillsummary-target-url' in PropertySource 'environmentProperties' with value of type String
13:20:45.654 [main] DEBUG o.s.c.e.PropertySourcesPropertyResolver - 
Found key 'getgroupbilldetails-target-url' in PropertySource 'environmentProperties' with value of type String
13:20:45.655 [main] DEBUG o.s.c.e.PropertySourcesPropertyResolver - 
Found key 'getgroupbillinfo-target-url' in PropertySource 'environmentProperties' with value of type String
13:20:45.656 [main] DEBUG o.s.c.e.PropertySourcesPropertyResolver - 
Found key 'inquirypayment-target-url' in PropertySource 'environmentProperties' with value of type String
13:20:45.657 [main] DEBUG o.s.b.f.s.DefaultListableBeanFactory - 
Creating shared instance of singleton bean 'getRecordCSHandlerVer2'
13:20:45.664 [main] DEBUG o.s.c.e.PropertySourcesPropertyResolver - 
Found key 'getmeterreading-target-url' in PropertySource 'environmentProperties' with value of type String
13:20:45.665 [main] DEBUG o.s.c.e.PropertySourcesPropertyResolver - 
Found key 'getrecordcs-target-url' in PropertySource 'environmentProperties' with value of type String
13:20:45.666 [main] DEBUG o.s.c.e.PropertySourcesPropertyResolver - 
Found key 'gis-getrecord-target-url' in PropertySource 'environmentProperties' with value of type String
13:20:45.668 [main] DEBUG o.s.c.e.PropertySourcesPropertyResolver - 
Found key 'auth-username' in PropertySource 'environmentProperties' with value of type String
13:20:45.669 [main] DEBUG o.s.c.e.PropertySourcesPropertyResolver - 
Found key 'auth-password' in PropertySource 'environmentProperties' with value of type String
13:20:45.670 [main] DEBUG o.s.b.f.s.DefaultListableBeanFactory - 
Creating shared instance of singleton bean 'getRecordGISCSHandlerVer2'
13:20:45.671 [main] DEBUG o.s.c.e.PropertySourcesPropertyResolver - 
Found key 'getmeterreading-target-url' in PropertySource 'environmentProperties' with value of type String
13:20:45.672 [main] DEBUG o.s.c.e.PropertySourcesPropertyResolver - 
Found key 'getrecordcs-target-url' in PropertySource 'environmentProperties' with value of type String
13:20:45.673 [main] DEBUG o.s.c.e.PropertySourcesPropertyResolver - 
Found key 'gis-getrecord-target-url' in PropertySource 'environmentProperties' with value of type String
13:20:45.674 [main] DEBUG o.s.c.e.PropertySourcesPropertyResolver - 
Found key 'auth-username' in PropertySource 'environmentProperties' with value of type String
13:20:45.675 [main] DEBUG o.s.c.e.PropertySourcesPropertyResolver - 
Found key 'auth-password' in PropertySource 'environmentProperties' with value of type String
13:20:45.677 [main] DEBUG o.s.c.e.PropertySourcesPropertyResolver - 
Found key 'getplotdetailsbycrookie-target-url' in PropertySource 'environmentProperties' with value of type String
13:20:45.677 [main] DEBUG o.s.c.e.PropertySourcesPropertyResolver - 
Found key 'getplotdetailsbycrookie-soap-action' in PropertySource 'environmentProperties' with value of type String
13:20:45.678 [main] DEBUG o.s.c.e.PropertySourcesPropertyResolver - 
Found key 'getplotdetailsbycrookie.username' in PropertySource 'environmentProperties' with value of type String
13:20:45.679 [main] DEBUG o.s.c.e.PropertySourcesPropertyResolver - 
Found key 'getplotdetailsbycrookie.password' in PropertySource 'environmentProperties' with value of type String
13:20:45.680 [main] DEBUG o.s.c.e.PropertySourcesPropertyResolver - 
Found key 'getsocialbenefitdata.username' in PropertySource 'environmentProperties' with value of type String
13:20:45.680 [main] DEBUG o.s.c.e.PropertySourcesPropertyResolver - 
Found key 'getsocialbenefitdata.password' in PropertySource 'environmentProperties' with value of type String
13:20:45.681 [main] DEBUG o.s.c.e.PropertySourcesPropertyResolver - 
Found key 'getsocialbenefitdata-target-url' in PropertySource 'environmentProperties' with value of type String
13:20:45.684 [main] DEBUG o.s.c.e.PropertySourcesPropertyResolver - 
Found key 'getsocialbenefitdata-soap-action' in PropertySource 'environmentProperties' with value of type String
13:20:45.684 [main] DEBUG o.s.c.e.PropertySourcesPropertyResolver - 
Found key 'getmeterreading-target-url' in PropertySource 'environmentProperties' with value of type String
13:20:45.685 [main] DEBUG o.s.c.e.PropertySourcesPropertyResolver - 
Found key 'auth-username' in PropertySource 'environmentProperties' with value of type String
13:20:45.687 [main] DEBUG o.s.c.e.PropertySourcesPropertyResolver - 
Found key 'auth-password' in PropertySource 'environmentProperties' with value of type String
13:20:45.689 [main] DEBUG o.s.b.f.s.DefaultListableBeanFactory - 
Creating shared instance of singleton bean 'connectionHelper'
13:20:45.690 [main] DEBUG o.s.b.f.s.DefaultListableBeanFactory - 
Creating shared instance of singleton bean 'DBUtils'
13:20:45.691 [main] DEBUG o.s.c.e.PropertySourcesPropertyResolver - 
Found key 'esb-db-classname' in PropertySource 'environmentProperties' with value of type String
13:20:45.692 [main] DEBUG o.s.c.e.PropertySourcesPropertyResolver - 
Found key 'esb-db-url' in PropertySource 'environmentProperties' with value of type String
13:20:45.694 [main] DEBUG o.s.c.e.PropertySourcesPropertyResolver - 
Found key 'esb-db-username' in PropertySource 'environmentProperties' with value of type String
13:20:45.699 [main] DEBUG o.s.c.e.PropertySourcesPropertyResolver - 
Found key 'esb-db-password' in PropertySource 'environmentProperties' with value of type String
13:20:45.700 [main] DEBUG o.s.c.e.PropertySourcesPropertyResolver - 
Found key 'timestamp.duration' in PropertySource 'environmentProperties' with value of type String
13:20:45.701 [main] DEBUG o.s.c.e.PropertySourcesPropertyResolver - 
Found key 'content-length' in PropertySource 'environmentProperties' with value of type String
13:20:45.701 [main] DEBUG o.s.b.f.s.DefaultListableBeanFactory - 
Creating shared instance of singleton bean 'loadProperties'
Loading properties......
Properties loaded
13:20:45.703 [main] DEBUG o.s.b.f.s.DefaultListableBeanFactory - 
Creating shared instance of singleton bean 'org.springframework.boot.autoconfigure.AutoConfigurationPackages'
13:20:45.704 [main] DEBUG o.s.b.f.s.DefaultListableBeanFactory - 
Creating shared instance of singleton bean 'org.springframework.boot.autoconfigure.context.PropertyPlaceholderAutoConfiguration'
13:20:45.708 [main] DEBUG o.s.b.f.s.DefaultListableBeanFactory - 
Creating shared instance of singleton bean 'org.springframework.boot.autoconfigure.ssl.SslAutoConfiguration'
13:20:45.710 [main] DEBUG o.s.b.f.s.DefaultListableBeanFactory - 
Creating shared instance of singleton bean 'spring.ssl-org.springframework.boot.autoconfigure.ssl.SslProperties'
13:20:45.713 [main] DEBUG o.s.b.f.s.DefaultListableBeanFactory - 
Creating shared instance of singleton bean 'org.springframework.boot.context.properties.BoundConfigurationProperties'
13:20:45.765 [main] DEBUG o.s.b.f.s.DefaultListableBeanFactory - 
Autowiring by type from bean name 'org.springframework.boot.autoconfigure.ssl.SslAutoConfiguration' via constructor to bean named 'spring.ssl-org.springframework.boot.autoconfigure.ssl.SslProperties'
13:20:45.766 [main] DEBUG o.s.b.f.s.DefaultListableBeanFactory - 
Creating shared instance of singleton bean 'fileWatcher'
13:20:45.768 [main] DEBUG o.s.b.f.s.DefaultListableBeanFactory - 
Creating shared instance of singleton bean 'sslPropertiesSslBundleRegistrar'
13:20:45.769 [main] DEBUG o.s.b.f.s.DefaultListableBeanFactory - 
Autowiring by type from bean name 'sslPropertiesSslBundleRegistrar' via factory method to bean named 'fileWatcher'
13:20:45.777 [main] DEBUG o.s.b.f.s.DefaultListableBeanFactory - 
Creating shared instance of singleton bean 'sslBundleRegistry'
13:20:45.790 [main] DEBUG o.s.b.f.s.DefaultListableBeanFactory - 
Creating shared instance of singleton bean 'org.springframework.boot.context.properties.EnableConfigurationPropertiesRegistrar.methodValidationExcludeFilter'
13:20:45.797 [main] DEBUG o.s.b.f.s.DefaultListableBeanFactory - 
Creating shared instance of singleton bean 'org.springframework.boot.autoconfigure.websocket.servlet.WebSocketServletAutoConfiguration$TomcatWebSocketConfiguration'
13:20:45.798 [main] DEBUG o.s.b.f.s.DefaultListableBeanFactory - 
Creating shared instance of singleton bean 'websocketServletWebServerCustomizer'
13:20:45.801 [main] DEBUG o.s.b.f.s.DefaultListableBeanFactory - 
Creating shared instance of singleton bean 'org.springframework.boot.autoconfigure.websocket.servlet.WebSocketServletAutoConfiguration'
13:20:45.802 [main] DEBUG o.s.b.f.s.DefaultListableBeanFactory - 
Creating shared instance of singleton bean 'org.springframework.boot.autoconfigure.web.servlet.ServletWebServerFactoryConfiguration$EmbeddedTomcat'
13:20:45.803 [main] DEBUG o.s.b.f.s.DefaultListableBeanFactory - 
Creating shared instance of singleton bean 'tomcatServletWebServerFactory'
13:20:45.864 [main] DEBUG o.s.b.f.s.DefaultListableBeanFactory - 
Creating shared instance of singleton bean 'servletWebServerFactoryCustomizer'
13:20:45.864 [main] DEBUG o.s.b.f.s.DefaultListableBeanFactory - 
Creating shared instance of singleton bean 'org.springframework.boot.autoconfigure.web.servlet.ServletWebServerFactoryAutoConfiguration'
13:20:45.866 [main] DEBUG o.s.b.f.s.DefaultListableBeanFactory - 
Creating shared instance of singleton bean 'server-org.springframework.boot.autoconfigure.web.ServerProperties'
13:20:45.894 [main] DEBUG o.s.b.f.s.DefaultListableBeanFactory - 
Autowiring by type from bean name 'servletWebServerFactoryCustomizer' via factory method to bean named 'server-org.springframework.boot.autoconfigure.web.ServerProperties'
13:20:45.902 [main] DEBUG o.s.b.f.s.DefaultListableBeanFactory - 
Creating shared instance of singleton bean 'tomcatServletWebServerFactoryCustomizer'
13:20:45.903 [main] DEBUG o.s.b.f.s.DefaultListableBeanFactory - 
Autowiring by type from bean name 'tomcatServletWebServerFactoryCustomizer' via factory method to bean named 'server-org.springframework.boot.autoconfigure.web.ServerProperties'
13:20:45.904 [main] DEBUG o.s.b.f.s.DefaultListableBeanFactory - 
Creating shared instance of singleton bean 'localeCharsetMappingsCustomizer'
13:20:45.904 [main] DEBUG o.s.b.f.s.DefaultListableBeanFactory - 
Creating shared instance of singleton bean 'org.springframework.boot.autoconfigure.web.servlet.HttpEncodingAutoConfiguration'
13:20:45.905 [main] DEBUG o.s.b.f.s.DefaultListableBeanFactory - 
Autowiring by type from bean name 'org.springframework.boot.autoconfigure.web.servlet.HttpEncodingAutoConfiguration' via constructor to bean named 'server-org.springframework.boot.autoconfigure.web.ServerProperties'
13:20:45.927 [main] DEBUG o.s.b.f.s.DefaultListableBeanFactory - 
Creating shared instance of singleton bean 'errorPageCustomizer'
13:20:45.934 [main] DEBUG o.s.b.f.s.DefaultListableBeanFactory - 
Creating shared instance of singleton bean 'org.springframework.boot.autoconfigure.web.servlet.error.ErrorMvcAutoConfiguration'
13:20:45.934 [main] DEBUG o.s.b.f.s.DefaultListableBeanFactory - 
Autowiring by type from bean name 'org.springframework.boot.autoconfigure.web.servlet.error.ErrorMvcAutoConfiguration' via constructor to bean named 'server-org.springframework.boot.autoconfigure.web.ServerProperties'
13:20:45.936 [main] DEBUG o.s.b.f.s.DefaultListableBeanFactory - 
Creating shared instance of singleton bean 'dispatcherServletRegistration'
13:20:45.936 [main] DEBUG o.s.b.f.s.DefaultListableBeanFactory - 
Creating shared instance of singleton bean 'org.springframework.boot.autoconfigure.web.servlet.DispatcherServletAutoConfiguration$DispatcherServletRegistrationConfiguration'
13:20:45.938 [main] DEBUG o.s.b.f.s.DefaultListableBeanFactory - 
Creating shared instance of singleton bean 'dispatcherServlet'
13:20:45.938 [main] DEBUG o.s.b.f.s.DefaultListableBeanFactory - 
Creating shared instance of singleton bean 'org.springframework.boot.autoconfigure.web.servlet.DispatcherServletAutoConfiguration$DispatcherServletConfiguration'
13:20:45.943 [main] DEBUG o.s.b.f.s.DefaultListableBeanFactory - 
Creating shared instance of singleton bean 'spring.mvc-org.springframework.boot.autoconfigure.web.servlet.WebMvcProperties'
13:20:45.953 [main] DEBUG o.s.b.f.s.DefaultListableBeanFactory - 
Autowiring by type from bean name 'dispatcherServlet' via factory method to bean named 'spring.mvc-org.springframework.boot.autoconfigure.web.servlet.WebMvcProperties'
13:20:45.973 [main] DEBUG o.s.b.f.s.DefaultListableBeanFactory - 
Autowiring by type from bean name 'dispatcherServletRegistration' via factory method to bean named 'dispatcherServlet'
13:20:45.973 [main] DEBUG o.s.b.f.s.DefaultListableBeanFactory - 
Autowiring by type from bean name 'dispatcherServletRegistration' via factory method to bean named 'spring.mvc-org.springframework.boot.autoconfigure.web.servlet.WebMvcProperties'
13:20:45.976 [main] DEBUG o.s.b.f.s.DefaultListableBeanFactory - 
Creating shared instance of singleton bean 'multipartConfigElement'
13:20:45.977 [main] DEBUG o.s.b.f.s.DefaultListableBeanFactory - 
Creating shared instance of singleton bean 'org.springframework.boot.autoconfigure.web.servlet.MultipartAutoConfiguration'
13:20:45.979 [main] DEBUG o.s.b.f.s.DefaultListableBeanFactory - 
Creating shared instance of singleton bean 'spring.servlet.multipart-org.springframework.boot.autoconfigure.web.servlet.MultipartProperties'
13:20:45.984 [main] DEBUG o.s.b.f.s.DefaultListableBeanFactory - 
Autowiring by type from bean name 'org.springframework.boot.autoconfigure.web.servlet.MultipartAutoConfiguration' via constructor to bean named 'spring.servlet.multipart-org.springframework.boot.autoconfigure.web.servlet.MultipartProperties'
13:20:45.992 [main] DEBUG o.s.b.f.s.DefaultListableBeanFactory - 
Autowiring by type from bean name 'errorPageCustomizer' via factory method to bean named 'dispatcherServletRegistration'
13:20:45.994 [main] DEBUG o.s.b.f.s.DefaultListableBeanFactory - 
Creating shared instance of singleton bean 'org.springframework.boot.autoconfigure.web.servlet.DispatcherServletAutoConfiguration'
13:20:45.995 [main] DEBUG o.s.b.f.s.DefaultListableBeanFactory - 
Creating shared instance of singleton bean 'org.springframework.boot.autoconfigure.task.TaskExecutorConfigurations$ThreadPoolTaskExecutorBuilderConfiguration'
13:20:45.996 [main] DEBUG o.s.b.f.s.DefaultListableBeanFactory - 
Creating shared instance of singleton bean 'threadPoolTaskExecutorBuilder'
13:20:45.997 [main] DEBUG o.s.b.f.s.DefaultListableBeanFactory - 
Creating shared instance of singleton bean 'spring.task.execution-org.springframework.boot.autoconfigure.task.TaskExecutionProperties'
13:20:46.000 [main] DEBUG o.s.b.f.s.DefaultListableBeanFactory - 
Autowiring by type from bean name 'threadPoolTaskExecutorBuilder' via factory method to bean named 'spring.task.execution-org.springframework.boot.autoconfigure.task.TaskExecutionProperties'
13:20:46.021 [main] DEBUG o.s.b.f.s.DefaultListableBeanFactory - 
Creating shared instance of singleton bean 'org.springframework.boot.autoconfigure.task.TaskExecutorConfigurations$TaskExecutorBuilderConfiguration'
13:20:46.021 [main] DEBUG o.s.b.f.s.DefaultListableBeanFactory - 
Creating shared instance of singleton bean 'taskExecutorBuilder'
13:20:46.023 [main] DEBUG o.s.b.f.s.DefaultListableBeanFactory - 
Autowiring by type from bean name 'taskExecutorBuilder' via factory method to bean named 'spring.task.execution-org.springframework.boot.autoconfigure.task.TaskExecutionProperties'
13:20:46.026 [main] DEBUG o.s.b.f.s.DefaultListableBeanFactory - 
Creating shared instance of singleton bean 'org.springframework.boot.autoconfigure.task.TaskExecutorConfigurations$SimpleAsyncTaskExecutorBuilderConfiguration'
13:20:46.027 [main] DEBUG o.s.b.f.s.DefaultListableBeanFactory - 
Autowiring by type from bean name 'org.springframework.boot.autoconfigure.task.TaskExecutorConfigurations$SimpleAsyncTaskExecutorBuilderConfiguration' via constructor to bean named 'spring.task.execution-org.springframework.boot.autoconfigure.task.TaskExecutionProperties'
13:20:46.028 [main] DEBUG o.s.b.f.s.DefaultListableBeanFactory - 
Creating shared instance of singleton bean 'simpleAsyncTaskExecutorBuilder'
13:20:46.030 [main] DEBUG o.s.b.f.s.DefaultListableBeanFactory - 
Creating shared instance of singleton bean 'org.springframework.boot.autoconfigure.task.TaskExecutorConfigurations$TaskExecutorConfiguration'
13:20:46.031 [main] DEBUG o.s.b.f.s.DefaultListableBeanFactory - 
Creating shared instance of singleton bean 'org.springframework.boot.autoconfigure.task.TaskExecutionAutoConfiguration'
13:20:46.032 [main] DEBUG o.s.b.f.s.DefaultListableBeanFactory - 
Creating shared instance of singleton bean 'org.springframework.boot.autoconfigure.web.servlet.error.ErrorMvcAutoConfiguration$WhitelabelErrorViewConfiguration'
13:20:46.034 [main] DEBUG o.s.b.f.s.DefaultListableBeanFactory - 
Creating shared instance of singleton bean 'error'
13:20:46.035 [main] DEBUG o.s.b.f.s.DefaultListableBeanFactory - 
Creating shared instance of singleton bean 'beanNameViewResolver'
13:20:46.037 [main] DEBUG o.s.b.f.s.DefaultListableBeanFactory - 
Creating shared instance of singleton bean 'org.springframework.boot.autoconfigure.web.servlet.error.ErrorMvcAutoConfiguration$DefaultErrorViewResolverConfiguration'
13:20:46.038 [main] DEBUG o.s.b.f.s.DefaultListableBeanFactory - 
Creating shared instance of singleton bean 'spring.web-org.springframework.boot.autoconfigure.web.WebProperties'
13:20:46.042 [main] DEBUG o.s.b.f.s.DefaultListableBeanFactory - 
Autowiring by type from bean name 'org.springframework.boot.autoconfigure.web.servlet.error.ErrorMvcAutoConfiguration$DefaultErrorViewResolverConfiguration' via constructor to bean named 'org.springframework.web.context.support.GenericWebApplicationContext@24097e9b'
13:20:46.045 [main] DEBUG o.s.b.f.s.DefaultListableBeanFactory - 
Autowiring by type from bean name 'org.springframework.boot.autoconfigure.web.servlet.error.ErrorMvcAutoConfiguration$DefaultErrorViewResolverConfiguration' via constructor to bean named 'spring.web-org.springframework.boot.autoconfigure.web.WebProperties'
13:20:46.046 [main] DEBUG o.s.b.f.s.DefaultListableBeanFactory - 
Creating shared instance of singleton bean 'conventionErrorViewResolver'
13:20:46.050 [main] DEBUG o.s.b.f.s.DefaultListableBeanFactory - 
Creating shared instance of singleton bean 'errorAttributes'
13:20:46.058 [main] DEBUG o.s.b.f.s.DefaultListableBeanFactory - 
Creating shared instance of singleton bean 'basicErrorController'
13:20:46.059 [main] DEBUG o.s.b.f.s.DefaultListableBeanFactory - 
Autowiring by type from bean name 'basicErrorController' via factory method to bean named 'errorAttributes'
13:20:46.067 [main] DEBUG o.s.b.f.s.DefaultListableBeanFactory - 
Creating shared instance of singleton bean 'org.springframework.boot.autoconfigure.web.servlet.WebMvcAutoConfiguration$EnableWebMvcConfiguration'
13:20:46.070 [main] DEBUG o.s.b.f.s.DefaultListableBeanFactory - 
Autowiring by type from bean name 'org.springframework.boot.autoconfigure.web.servlet.WebMvcAutoConfiguration$EnableWebMvcConfiguration' via constructor to bean named 'spring.mvc-org.springframework.boot.autoconfigure.web.servlet.WebMvcProperties'
13:20:46.070 [main] DEBUG o.s.b.f.s.DefaultListableBeanFactory - 
Autowiring by type from bean name 'org.springframework.boot.autoconfigure.web.servlet.WebMvcAutoConfiguration$EnableWebMvcConfiguration' via constructor to bean named 'spring.web-org.springframework.boot.autoconfigure.web.WebProperties'
13:20:46.070 [main] DEBUG o.s.b.f.s.DefaultListableBeanFactory - 
Autowiring by type from bean name 'org.springframework.boot.autoconfigure.web.servlet.WebMvcAutoConfiguration$EnableWebMvcConfiguration' via constructor to bean named 'org.springframework.beans.factory.support.DefaultListableBeanFactory@3910fe11'
13:20:46.077 [main] DEBUG o.s.b.f.s.DefaultListableBeanFactory - 
Creating shared instance of singleton bean 'org.springframework.boot.autoconfigure.web.servlet.WebMvcAutoConfiguration$WebMvcAutoConfigurationAdapter'
13:20:46.079 [main] DEBUG o.s.b.f.s.DefaultListableBeanFactory - 
Autowiring by type from bean name 'org.springframework.boot.autoconfigure.web.servlet.WebMvcAutoConfiguration$WebMvcAutoConfigurationAdapter' via constructor to bean named 'spring.web-org.springframework.boot.autoconfigure.web.WebProperties'
13:20:46.080 [main] DEBUG o.s.b.f.s.DefaultListableBeanFactory - 
Autowiring by type from bean name 'org.springframework.boot.autoconfigure.web.servlet.WebMvcAutoConfiguration$WebMvcAutoConfigurationAdapter' via constructor to bean named 'spring.mvc-org.springframework.boot.autoconfigure.web.servlet.WebMvcProperties'
13:20:46.080 [main] DEBUG o.s.b.f.s.DefaultListableBeanFactory - 
Autowiring by type from bean name 'org.springframework.boot.autoconfigure.web.servlet.WebMvcAutoConfiguration$WebMvcAutoConfigurationAdapter' via constructor to bean named 'org.springframework.beans.factory.support.DefaultListableBeanFactory@3910fe11'
13:20:46.083 [main] DEBUG o.s.b.f.s.DefaultListableBeanFactory - 
Creating shared instance of singleton bean 'welcomePageHandlerMapping'
13:20:46.084 [main] DEBUG o.s.b.f.s.DefaultListableBeanFactory - 
Creating shared instance of singleton bean 'mvcConversionService'
13:20:46.089 [main] DEBUG o.s.b.f.s.DefaultListableBeanFactory - 
Creating shared instance of singleton bean 'mvcResourceUrlProvider'
13:20:46.127 [main] DEBUG o.s.b.f.s.DefaultListableBeanFactory - 
Autowiring by type from bean name 'welcomePageHandlerMapping' via factory method to bean named 'org.springframework.web.context.support.GenericWebApplicationContext@24097e9b'
13:20:46.130 [main] DEBUG o.s.b.f.s.DefaultListableBeanFactory - 
Autowiring by type from bean name 'welcomePageHandlerMapping' via factory method to bean named 'mvcConversionService'
13:20:46.131 [main] DEBUG o.s.b.f.s.DefaultListableBeanFactory - 
Autowiring by type from bean name 'welcomePageHandlerMapping' via factory method to bean named 'mvcResourceUrlProvider'
13:20:46.152 [main] DEBUG o.s.b.f.s.DefaultListableBeanFactory - 
Creating shared instance of singleton bean 'welcomePageNotAcceptableHandlerMapping'
13:20:46.153 [main] DEBUG o.s.b.f.s.DefaultListableBeanFactory - 
Autowiring by type from bean name 'welcomePageNotAcceptableHandlerMapping' via factory method to bean named 'org.springframework.web.context.support.GenericWebApplicationContext@24097e9b'
13:20:46.154 [main] DEBUG o.s.b.f.s.DefaultListableBeanFactory - 
Autowiring by type from bean name 'welcomePageNotAcceptableHandlerMapping' via factory method to bean named 'mvcConversionService'
13:20:46.155 [main] DEBUG o.s.b.f.s.DefaultListableBeanFactory - 
Autowiring by type from bean name 'welcomePageNotAcceptableHandlerMapping' via factory method to bean named 'mvcResourceUrlProvider'
13:20:46.159 [main] DEBUG o.s.b.f.s.DefaultListableBeanFactory - 
Creating shared instance of singleton bean 'localeResolver'
13:20:46.162 [main] DEBUG o.s.b.f.s.DefaultListableBeanFactory - 
Creating shared instance of singleton bean 'themeResolver'
13:20:46.164 [main] DEBUG o.s.b.f.s.DefaultListableBeanFactory - 
Creating shared instance of singleton bean 'flashMapManager'
13:20:46.168 [main] DEBUG o.s.b.f.s.DefaultListableBeanFactory - 
Creating shared instance of singleton bean 'mvcValidator'
13:20:46.170 [main] DEBUG o.s.b.f.s.DefaultListableBeanFactory - 
Creating shared instance of singleton bean 'mvcContentNegotiationManager'
13:20:46.191 [main] DEBUG o.s.b.f.s.DefaultListableBeanFactory - 
Creating shared instance of singleton bean 'requestMappingHandlerMapping'
13:20:46.200 [main] DEBUG o.s.b.f.s.DefaultListableBeanFactory - 
Autowiring by type from bean name 'requestMappingHandlerMapping' via factory method to bean named 'mvcContentNegotiationManager'
13:20:46.201 [main] DEBUG o.s.b.f.s.DefaultListableBeanFactory - 
Autowiring by type from bean name 'requestMappingHandlerMapping' via factory method to bean named 'mvcConversionService'
13:20:46.201 [main] DEBUG o.s.b.f.s.DefaultListableBeanFactory - 
Autowiring by type from bean name 'requestMappingHandlerMapping' via factory method to bean named 'mvcResourceUrlProvider'
13:20:46.260 [main] DEBUG _.s.w.s.HandlerMapping.Mappings - 

	c.d.a.c.Controllers:
	{GET [/api/v1/test]}: getName()
13:20:46.288 [main] DEBUG _.s.w.s.HandlerMapping.Mappings - 

	c.d.a.c.DiamControllerVer1:
	{GET [/api/v1/GetGISDetails/{accountId}/{lat}], produces [application/json]}: getRecordsGISServiceWithAccontIdAndLat(Optional,Optional,Optional,HttpServletRequest,HttpServletResponse,Map)
	{GET [/api/v1/GetGISDetails/{accountId}/{lat}/{long}], produces [application/json]}: getRecordsGISService(Optional,Optional,Optional,HttpServletRequest,HttpServletResponse,Map)
	{GET [/api/v1/GetGISDetails/{accountId}], produces [application/json]}: getRecordsGISServiceWithAccontId(Optional,Optional,Optional,HttpServletRequest,HttpServletResponse,Map)
	{GET [/api/v1/GetGISMap/{accountId}], produces [application/json]}: getRecordsCSOnlyAccountID(Optional,Optional,Optional,HttpServletRequest,HttpServletResponse)
	{POST [/api/v1/getplotdetailsbycrookie], produces [application/xml]}: getPlotDetailsByCrookie(Envelope,HttpServletRequest,HttpServletResponse)
	{POST [/api/v1/getsocialbenefitdata], produces [application/xml]}: getSocialBenefitData(Envelope,HttpServletRequest,HttpServletResponse)
	{GET [/api/v1/GetGroupBillDetails], produces [application/json]}: getGroupBillDetails(String,String,String,HttpServletRequest,HttpServletResponse,Map)
	{GET [/api/v1/GetGISMap/{accountId}/{lat}], produces [application/json]}: getRecordsCSOnlyAccountIDAndLat(Optional,Optional,Optional,HttpServletRequest,HttpServletResponse)
	{GET [/api/v1/GetBillsSummary], produces [application/json]}: getBillSummary(String,String,HttpServletRequest,HttpServletResponse,Map)
	{GET [/api/v1/getBillData], produces [application/json]}: getBillDataService(String,String,HttpServletRequest,HttpServletResponse,Map)
	{GET [/api/v1/GetBillPdf], produces [application/json]}: getBillPdf(String,String,HttpServletRequest,HttpServletResponse,Map)
	{GET [/api/v1/GetBill64], produces [application/json]}: getBill64(String,String,HttpServletRequest,HttpServletResponse,Map)
	{POST [/api/v1/getmeterreading], produces [application/json]}: getMeterReading(HttpServletRequest,HttpServletResponse,MeterReading,Map)
	{GET [/api/v1/GetGroupBillsInfo], produces [application/json]}: getGroupBillInfo(String,String,String,HttpServletRequest,HttpServletResponse,Map)
	{GET [/api/v1/GetBillsDetails], produces [application/json]}: getBillDetails(String,String,HttpServletRequest,HttpServletResponse,Map)
	{GET [/api/v1/GetGISMap/{accountId}/{lat}/{long}], produces [application/json]}: getRecordsCS(Optional,Optional,Optional,HttpServletRequest,HttpServletResponse)
	{GET [/api/v1/InquiryPayment], produces [application/json]}: inquiryPayment(String,String,HttpServletRequest,HttpServletResponse,Map)
13:20:46.328 [main] DEBUG _.s.w.s.HandlerMapping.Mappings - 

	c.d.a.c.DiamControllerVer2:
	{GET [/api/v2/GetGISDetails/{accountId}/{lat}], produces [application/json]}: getRecordsGISServiceWithAccontIdAndLat(Optional,Optional,Optional,HttpServletRequest,HttpServletResponse,Map)
	{GET [/api/v2/GetGISDetails/{accountId}/{lat}/{long}], produces [application/json]}: getRecordsGISService(Optional,Optional,Optional,HttpServletRequest,HttpServletResponse,Map)
	{GET [/api/v2/GetGISDetails/{accountId}], produces [application/json]}: getRecordsGISServiceWithAccontId(Optional,Optional,Optional,HttpServletRequest,HttpServletResponse,Map)
	{GET [/api/v2/GetGISMap/{accountId}], produces [application/json]}: getRecordsCSOnlyAccountID(Optional,Optional,Optional,HttpServletRequest,HttpServletResponse)
	{POST [/api/v2/getplotdetailsbycrookie], produces [application/xml]}: getPlotDetailsByCrookie(Envelope,HttpServletRequest,HttpServletResponse)
	{POST [/api/v2/getsocialbenefitdata], produces [application/xml]}: getSocialBenefitData(Envelope,HttpServletRequest,HttpServletResponse)
	{GET [/api/v2/GetGroupBillDetails], produces [application/json]}: getGroupBillDetails(String,String,String,HttpServletRequest,HttpServletResponse,Map)
	{POST [/api/v2/getplotdetailsbycrookieTest], produces [application/xml]}: getPlotDetailsByCrookieTest(Envelope,HttpServletRequest,HttpServletResponse)
	{GET [/api/v2/getBillDataTest], produces [application/json]}: getBillDataService1(String,String)
	{GET [/api/v2/getDataFromDb]}: getEncryptionStatus(String)
	{GET [/api/v2/GetGISMap/{accountId}/{lat}], produces [application/json]}: getRecordsCSOnlyAccountIDAndLat(Optional,Optional,Optional,HttpServletRequest,HttpServletResponse)
	{GET [/api/v2/GetBillsSummary], produces [application/json]}: getBillSummary(String,String,HttpServletRequest,HttpServletResponse,Map)
	{GET [/api/v2/getBillData], produces [application/json]}: getBillDataService(String,String,HttpServletRequest,HttpServletResponse,Map)
	{GET [/api/v2/GetBillPdf], produces [application/json]}: getBillPdf(String,String,HttpServletRequest,HttpServletResponse,Map)
	{GET [/api/v2/GetBill64], produces [application/json]}: getBill64(String,String,HttpServletRequest,HttpServletResponse,Map)
	{POST [/api/v2/getmeterreading], produces [application/json]}: getMeterReading(HttpServletRequest,HttpServletResponse,MeterReading,Map)
	{GET [/api/v2/GetGroupBillsInfo], produces [application/json]}: getGroupBillInfo(String,String,String,HttpServletRequest,HttpServletResponse,Map)
	{GET [/api/v2/GetBillsDetails], produces [application/json]}: getBillDetails(String,String,HttpServletRequest,HttpServletResponse,Map)
	{GET [/api/v2/GetGISMap/{accountId}/{lat}/{long}], produces [application/json]}: getRecordsCS(Optional,Optional,Optional,HttpServletRequest,HttpServletResponse)
	{GET [/api/v2/InquiryPayment], produces [application/json]}: inquiryPayment(String,String,HttpServletRequest,HttpServletResponse,Map)
	{GET [/api/v2/test]}: testApi()
13:20:46.341 [main] DEBUG _.s.w.s.HandlerMapping.Mappings - 

	o.s.b.a.w.s.e.BasicErrorController:
	{ [/error], produces [text/html]}: errorHtml(HttpServletRequest,HttpServletResponse)
	{ [/error]}: error(HttpServletRequest)
13:20:46.351 [main] DEBUG o.s.w.s.m.m.a.RequestMappingHandlerMapping - 
41 mappings in 'requestMappingHandlerMapping'
13:20:46.353 [main] DEBUG o.s.b.f.s.DefaultListableBeanFactory - 
Creating shared instance of singleton bean 'mvcPatternParser'
13:20:46.354 [main] DEBUG o.s.b.f.s.DefaultListableBeanFactory - 
Creating shared instance of singleton bean 'mvcUrlPathHelper'
13:20:46.356 [main] DEBUG o.s.b.f.s.DefaultListableBeanFactory - 
Creating shared instance of singleton bean 'mvcPathMatcher'
13:20:46.357 [main] DEBUG o.s.b.f.s.DefaultListableBeanFactory - 
Creating shared instance of singleton bean 'viewControllerHandlerMapping'
13:20:46.358 [main] DEBUG o.s.b.f.s.DefaultListableBeanFactory - 
Autowiring by type from bean name 'viewControllerHandlerMapping' via factory method to bean named 'mvcConversionService'
13:20:46.358 [main] DEBUG o.s.b.f.s.DefaultListableBeanFactory - 
Autowiring by type from bean name 'viewControllerHandlerMapping' via factory method to bean named 'mvcResourceUrlProvider'
13:20:46.359 [main] DEBUG o.s.b.f.s.DefaultListableBeanFactory - 
Creating shared instance of singleton bean 'beanNameHandlerMapping'
13:20:46.363 [main] DEBUG o.s.b.f.s.DefaultListableBeanFactory - 
Autowiring by type from bean name 'beanNameHandlerMapping' via factory method to bean named 'mvcConversionService'
13:20:46.364 [main] DEBUG o.s.b.f.s.DefaultListableBeanFactory - 
Autowiring by type from bean name 'beanNameHandlerMapping' via factory method to bean named 'mvcResourceUrlProvider'
13:20:46.368 [main] DEBUG _.s.w.s.HandlerMapping.Mappings - 
'beanNameHandlerMapping' {}
13:20:46.368 [main] DEBUG o.s.b.f.s.DefaultListableBeanFactory - 
Creating shared instance of singleton bean 'routerFunctionMapping'
13:20:46.369 [main] DEBUG o.s.b.f.s.DefaultListableBeanFactory - 
Autowiring by type from bean name 'routerFunctionMapping' via factory method to bean named 'mvcConversionService'
13:20:46.369 [main] DEBUG o.s.b.f.s.DefaultListableBeanFactory - 
Autowiring by type from bean name 'routerFunctionMapping' via factory method to bean named 'mvcResourceUrlProvider'
13:20:46.371 [main] DEBUG o.s.b.f.s.DefaultListableBeanFactory - 
Creating shared instance of singleton bean 'messageConverters'
13:20:46.372 [main] DEBUG o.s.b.f.s.DefaultListableBeanFactory - 
Creating shared instance of singleton bean 'org.springframework.boot.autoconfigure.http.HttpMessageConvertersAutoConfiguration'
13:20:46.385 [main] DEBUG o.s.b.f.s.DefaultListableBeanFactory - 
Creating shared instance of singleton bean 'stringHttpMessageConverter'
13:20:46.387 [main] DEBUG o.s.b.f.s.DefaultListableBeanFactory - 
Creating shared instance of singleton bean 'org.springframework.boot.autoconfigure.http.HttpMessageConvertersAutoConfiguration$StringHttpMessageConverterConfiguration'
13:20:46.388 [main] DEBUG o.s.b.f.s.DefaultListableBeanFactory - 
Autowiring by type from bean name 'stringHttpMessageConverter' via factory method to bean named 'environment'
13:20:46.396 [main] DEBUG o.s.b.f.s.DefaultListableBeanFactory - 
Creating shared instance of singleton bean 'mappingJackson2HttpMessageConverter'
13:20:46.397 [main] DEBUG o.s.b.f.s.DefaultListableBeanFactory - 
Creating shared instance of singleton bean 'org.springframework.boot.autoconfigure.http.JacksonHttpMessageConvertersConfiguration$MappingJackson2HttpMessageConverterConfiguration'
13:20:46.398 [main] DEBUG o.s.b.f.s.DefaultListableBeanFactory - 
Creating shared instance of singleton bean 'jacksonObjectMapper'
13:20:46.400 [main] DEBUG o.s.b.f.s.DefaultListableBeanFactory - 
Creating shared instance of singleton bean 'org.springframework.boot.autoconfigure.jackson.JacksonAutoConfiguration$JacksonObjectMapperConfiguration'
13:20:46.402 [main] DEBUG o.s.b.f.s.DefaultListableBeanFactory - 
Creating shared instance of singleton bean 'org.springframework.boot.autoconfigure.jackson.JacksonAutoConfiguration$JacksonObjectMapperBuilderConfiguration'
13:20:46.405 [main] DEBUG o.s.b.f.s.DefaultListableBeanFactory - 
Creating shared instance of singleton bean 'standardJacksonObjectMapperBuilderCustomizer'
13:20:46.405 [main] DEBUG o.s.b.f.s.DefaultListableBeanFactory - 
Creating shared instance of singleton bean 'org.springframework.boot.autoconfigure.jackson.JacksonAutoConfiguration$Jackson2ObjectMapperBuilderCustomizerConfiguration'
13:20:46.407 [main] DEBUG o.s.b.f.s.DefaultListableBeanFactory - 
Creating shared instance of singleton bean 'spring.jackson-org.springframework.boot.autoconfigure.jackson.JacksonProperties'
13:20:46.417 [main] DEBUG o.s.b.f.s.DefaultListableBeanFactory - 
Autowiring by type from bean name 'standardJacksonObjectMapperBuilderCustomizer' via factory method to bean named 'spring.jackson-org.springframework.boot.autoconfigure.jackson.JacksonProperties'
13:20:46.428 [main] DEBUG o.s.b.f.s.DefaultListableBeanFactory - 
Creating shared instance of singleton bean 'parameterNamesModule'
13:20:46.429 [main] DEBUG o.s.b.f.s.DefaultListableBeanFactory - 
Creating shared instance of singleton bean 'org.springframework.boot.autoconfigure.jackson.JacksonAutoConfiguration$ParameterNamesModuleConfiguration'
13:20:46.434 [main] DEBUG o.s.b.f.s.DefaultListableBeanFactory - 
Creating shared instance of singleton bean 'jsonMixinModule'
13:20:46.435 [main] DEBUG o.s.b.f.s.DefaultListableBeanFactory - 
Creating shared instance of singleton bean 'org.springframework.boot.autoconfigure.jackson.JacksonAutoConfiguration$JacksonMixinConfiguration'
13:20:46.436 [main] DEBUG o.s.b.f.s.DefaultListableBeanFactory - 
Creating shared instance of singleton bean 'jsonMixinModuleEntries'
13:20:46.436 [main] DEBUG o.s.b.f.s.DefaultListableBeanFactory - 
Autowiring by type from bean name 'jsonMixinModuleEntries' via factory method to bean named 'org.springframework.web.context.support.GenericWebApplicationContext@24097e9b'
13:20:46.437 [main] DEBUG o.s.b.a.AutoConfigurationPackages - 
@EnableAutoConfiguration was declared on a class in the package 'com.diam.app'. Automatic @Repository and @Entity scanning is enabled.
13:20:46.446 [main] DEBUG o.s.b.f.s.DefaultListableBeanFactory - 
Autowiring by type from bean name 'jsonMixinModule' via factory method to bean named 'org.springframework.web.context.support.GenericWebApplicationContext@24097e9b'
13:20:46.446 [main] DEBUG o.s.b.f.s.DefaultListableBeanFactory - 
Autowiring by type from bean name 'jsonMixinModule' via factory method to bean named 'jsonMixinModuleEntries'
13:20:46.451 [main] DEBUG o.s.b.f.s.DefaultListableBeanFactory - 
Creating shared instance of singleton bean 'jsonComponentModule'
13:20:46.451 [main] DEBUG o.s.b.f.s.DefaultListableBeanFactory - 
Creating shared instance of singleton bean 'org.springframework.boot.autoconfigure.jackson.JacksonAutoConfiguration'
13:20:46.460 [main] DEBUG o.s.b.f.s.DefaultListableBeanFactory - 
Autowiring by type from bean name 'jacksonObjectMapperBuilder' via factory method to bean named 'org.springframework.web.context.support.GenericWebApplicationContext@24097e9b'
13:20:46.461 [main] DEBUG o.s.b.f.s.DefaultListableBeanFactory - 
Autowiring by type from bean name 'jacksonObjectMapperBuilder' via factory method to bean named 'standardJacksonObjectMapperBuilderCustomizer'
13:20:46.464 [main] DEBUG o.s.b.f.s.DefaultListableBeanFactory - 
Autowiring by type from bean name 'jacksonObjectMapper' via factory method to bean named 'jacksonObjectMapperBuilder'
13:20:46.480 [main] DEBUG o.s.b.f.s.DefaultListableBeanFactory - 
Autowiring by type from bean name 'mappingJackson2HttpMessageConverter' via factory method to bean named 'jacksonObjectMapper'
13:20:46.495 [main] DEBUG o.s.b.f.s.DefaultListableBeanFactory - 
Creating shared instance of singleton bean 'resourceHandlerMapping'
13:20:46.496 [main] DEBUG o.s.b.f.s.DefaultListableBeanFactory - 
Autowiring by type from bean name 'resourceHandlerMapping' via factory method to bean named 'mvcContentNegotiationManager'
13:20:46.497 [main] DEBUG o.s.b.f.s.DefaultListableBeanFactory - 
Autowiring by type from bean name 'resourceHandlerMapping' via factory method to bean named 'mvcConversionService'
13:20:46.497 [main] DEBUG o.s.b.f.s.DefaultListableBeanFactory - 
Autowiring by type from bean name 'resourceHandlerMapping' via factory method to bean named 'mvcResourceUrlProvider'
13:20:46.511 [main] DEBUG _.s.w.s.HandlerMapping.Mappings - 
'resourceHandlerMapping' {/webjars/**=ResourceHttpRequestHandler [classpath [META-INF/resources/webjars/]], /**=ResourceHttpRequestHandler [classpath [META-INF/resources/], classpath [resources/], classpath [static/], classpath [public/], ServletContext [/]]}
13:20:46.513 [main] DEBUG o.s.b.f.s.DefaultListableBeanFactory - 
Creating shared instance of singleton bean 'defaultServletHandlerMapping'
13:20:46.513 [main] DEBUG o.s.b.f.s.DefaultListableBeanFactory - 
Creating shared instance of singleton bean 'requestMappingHandlerAdapter'
13:20:46.515 [main] DEBUG o.s.b.f.s.DefaultListableBeanFactory - 
Autowiring by type from bean name 'requestMappingHandlerAdapter' via factory method to bean named 'mvcContentNegotiationManager'
13:20:46.515 [main] DEBUG o.s.b.f.s.DefaultListableBeanFactory - 
Autowiring by type from bean name 'requestMappingHandlerAdapter' via factory method to bean named 'mvcConversionService'
13:20:46.515 [main] DEBUG o.s.b.f.s.DefaultListableBeanFactory - 
Autowiring by type from bean name 'requestMappingHandlerAdapter' via factory method to bean named 'mvcValidator'
13:20:46.526 [main] DEBUG o.s.b.f.s.DefaultListableBeanFactory - 
Creating shared instance of singleton bean 'applicationTaskExecutor'
13:20:46.527 [main] DEBUG o.s.b.f.s.DefaultListableBeanFactory - 
Autowiring by type from bean name 'applicationTaskExecutor' via factory method to bean named 'taskExecutorBuilder'
13:20:46.537 [main] DEBUG o.s.s.c.ThreadPoolTaskExecutor - 
Initializing ExecutorService 'applicationTaskExecutor'
13:20:46.568 [main] DEBUG o.s.w.s.m.m.a.RequestMappingHandlerAdapter - 
ControllerAdvice beans: 0 @ModelAttribute, 0 @InitBinder, 1 RequestBodyAdvice, 1 ResponseBodyAdvice
13:20:46.602 [main] DEBUG o.s.b.f.s.DefaultListableBeanFactory - 
Creating shared instance of singleton bean 'handlerFunctionAdapter'
13:20:46.604 [main] DEBUG o.s.b.f.s.DefaultListableBeanFactory - 
Creating shared instance of singleton bean 'mvcUriComponentsContributor'
13:20:46.605 [main] DEBUG o.s.b.f.s.DefaultListableBeanFactory - 
Autowiring by type from bean name 'mvcUriComponentsContributor' via factory method to bean named 'mvcConversionService'
13:20:46.606 [main] DEBUG o.s.b.f.s.DefaultListableBeanFactory - 
Autowiring by type from bean name 'mvcUriComponentsContributor' via factory method to bean named 'requestMappingHandlerAdapter'
13:20:46.609 [main] DEBUG o.s.b.f.s.DefaultListableBeanFactory - 
Creating shared instance of singleton bean 'httpRequestHandlerAdapter'
13:20:46.610 [main] DEBUG o.s.b.f.s.DefaultListableBeanFactory - 
Creating shared instance of singleton bean 'simpleControllerHandlerAdapter'
13:20:46.612 [main] DEBUG o.s.b.f.s.DefaultListableBeanFactory - 
Creating shared instance of singleton bean 'handlerExceptionResolver'
13:20:46.614 [main] DEBUG o.s.b.f.s.DefaultListableBeanFactory - 
Autowiring by type from bean name 'handlerExceptionResolver' via factory method to bean named 'mvcContentNegotiationManager'
13:20:46.617 [main] DEBUG o.s.w.s.m.m.a.ExceptionHandlerExceptionResolver - 
ControllerAdvice beans: 0 @ExceptionHandler, 1 ResponseBodyAdvice
13:20:46.621 [main] DEBUG o.s.b.f.s.DefaultListableBeanFactory - 
Creating shared instance of singleton bean 'mvcViewResolver'
13:20:46.622 [main] DEBUG o.s.b.f.s.DefaultListableBeanFactory - 
Autowiring by type from bean name 'mvcViewResolver' via factory method to bean named 'mvcContentNegotiationManager'
13:20:46.625 [main] DEBUG o.s.b.f.s.DefaultListableBeanFactory - 
Creating shared instance of singleton bean 'viewNameTranslator'
13:20:46.627 [main] DEBUG o.s.b.f.s.DefaultListableBeanFactory - 
Creating shared instance of singleton bean 'defaultViewResolver'
13:20:46.653 [main] DEBUG o.s.b.f.s.DefaultListableBeanFactory - 
Creating shared instance of singleton bean 'viewResolver'
13:20:46.654 [main] DEBUG o.s.b.f.s.DefaultListableBeanFactory - 
Autowiring by type from bean name 'viewResolver' via factory method to bean named 'org.springframework.beans.factory.support.DefaultListableBeanFactory@3910fe11'
13:20:46.657 [main] DEBUG o.s.b.f.s.DefaultListableBeanFactory - 
Creating shared instance of singleton bean 'viewResolver'
13:20:46.659 [main] DEBUG o.s.b.f.s.DefaultListableBeanFactory - 
Creating shared instance of singleton bean 'requestContextFilter'
13:20:46.662 [main] DEBUG o.s.b.f.s.DefaultListableBeanFactory - 
Creating shared instance of singleton bean 'org.springframework.boot.autoconfigure.web.servlet.WebMvcAutoConfiguration'
13:20:46.663 [main] DEBUG o.s.b.f.s.DefaultListableBeanFactory - 
Creating shared instance of singleton bean 'formContentFilter'
13:20:46.667 [main] DEBUG o.s.b.f.s.DefaultListableBeanFactory - 
Creating shared instance of singleton bean 'org.springframework.boot.autoconfigure.aop.AopAutoConfiguration$ClassProxyingConfiguration'
13:20:46.668 [main] DEBUG o.s.b.f.s.DefaultListableBeanFactory - 
Creating shared instance of singleton bean 'org.springframework.boot.autoconfigure.aop.AopAutoConfiguration'
13:20:46.668 [main] DEBUG o.s.b.f.s.DefaultListableBeanFactory - 
Creating shared instance of singleton bean 'org.springframework.boot.autoconfigure.availability.ApplicationAvailabilityAutoConfiguration'
13:20:46.669 [main] DEBUG o.s.b.f.s.DefaultListableBeanFactory - 
Creating shared instance of singleton bean 'applicationAvailability'
13:20:46.672 [main] DEBUG o.s.b.f.s.DefaultListableBeanFactory - 
Creating shared instance of singleton bean 'org.springframework.boot.autoconfigure.context.ConfigurationPropertiesAutoConfiguration'
13:20:46.672 [main] DEBUG o.s.b.f.s.DefaultListableBeanFactory - 
Creating shared instance of singleton bean 'org.springframework.boot.autoconfigure.context.LifecycleAutoConfiguration'
13:20:46.677 [main] DEBUG o.s.b.f.s.DefaultListableBeanFactory - 
Creating shared instance of singleton bean 'lifecycleProcessor'
13:20:46.678 [main] DEBUG o.s.b.f.s.DefaultListableBeanFactory - 
Creating shared instance of singleton bean 'spring.lifecycle-org.springframework.boot.autoconfigure.context.LifecycleProperties'
13:20:46.680 [main] DEBUG o.s.b.f.s.DefaultListableBeanFactory - 
Autowiring by type from bean name 'lifecycleProcessor' via factory method to bean named 'spring.lifecycle-org.springframework.boot.autoconfigure.context.LifecycleProperties'
13:20:46.683 [main] DEBUG o.s.b.f.s.DefaultListableBeanFactory - 
Creating shared instance of singleton bean 'org.springframework.boot.autoconfigure.gson.GsonAutoConfiguration'
13:20:46.683 [main] DEBUG o.s.b.f.s.DefaultListableBeanFactory - 
Creating shared instance of singleton bean 'gsonBuilder'
13:20:46.684 [main] DEBUG o.s.b.f.s.DefaultListableBeanFactory - 
Creating shared instance of singleton bean 'standardGsonBuilderCustomizer'
13:20:46.685 [main] DEBUG o.s.b.f.s.DefaultListableBeanFactory - 
Creating shared instance of singleton bean 'spring.gson-org.springframework.boot.autoconfigure.gson.GsonProperties'
13:20:46.688 [main] DEBUG o.s.b.f.s.DefaultListableBeanFactory - 
Autowiring by type from bean name 'standardGsonBuilderCustomizer' via factory method to bean named 'spring.gson-org.springframework.boot.autoconfigure.gson.GsonProperties'
13:20:46.689 [main] DEBUG o.s.b.f.s.DefaultListableBeanFactory - 
Autowiring by type from bean name 'gsonBuilder' via factory method to bean named 'standardGsonBuilderCustomizer'
13:20:46.709 [main] DEBUG o.s.b.f.s.DefaultListableBeanFactory - 
Creating shared instance of singleton bean 'gson'
13:20:46.710 [main] DEBUG o.s.b.f.s.DefaultListableBeanFactory - 
Autowiring by type from bean name 'gson' via factory method to bean named 'gsonBuilder'
13:20:46.748 [main] DEBUG o.s.b.f.s.DefaultListableBeanFactory - 
Creating shared instance of singleton bean 'org.springframework.boot.autoconfigure.http.JacksonHttpMessageConvertersConfiguration'
13:20:46.752 [main] DEBUG o.s.b.f.s.DefaultListableBeanFactory - 
Creating shared instance of singleton bean 'org.springframework.boot.autoconfigure.http.GsonHttpMessageConvertersConfiguration'
13:20:46.753 [main] DEBUG o.s.b.f.s.DefaultListableBeanFactory - 
Creating shared instance of singleton bean 'org.springframework.boot.autoconfigure.info.ProjectInfoAutoConfiguration'
13:20:46.757 [main] DEBUG o.s.b.f.s.DefaultListableBeanFactory - 
Creating shared instance of singleton bean 'spring.info-org.springframework.boot.autoconfigure.info.ProjectInfoProperties'
13:20:46.759 [main] DEBUG o.s.b.f.s.DefaultListableBeanFactory - 
Autowiring by type from bean name 'org.springframework.boot.autoconfigure.info.ProjectInfoAutoConfiguration' via constructor to bean named 'spring.info-org.springframework.boot.autoconfigure.info.ProjectInfoProperties'
13:20:46.760 [main] DEBUG o.s.b.f.s.DefaultListableBeanFactory - 
Creating shared instance of singleton bean 'org.springframework.boot.autoconfigure.sql.init.SqlInitializationAutoConfiguration'
13:20:46.760 [main] DEBUG o.s.b.f.s.DefaultListableBeanFactory - 
Creating shared instance of singleton bean 'spring.sql.init-org.springframework.boot.autoconfigure.sql.init.SqlInitializationProperties'
13:20:46.765 [main] DEBUG o.s.b.f.s.DefaultListableBeanFactory - 
Creating shared instance of singleton bean 'org.springframework.boot.autoconfigure.task.TaskSchedulingConfigurations$ThreadPoolTaskSchedulerBuilderConfiguration'
13:20:46.766 [main] DEBUG o.s.b.f.s.DefaultListableBeanFactory - 
Creating shared instance of singleton bean 'threadPoolTaskSchedulerBuilder'
13:20:46.767 [main] DEBUG o.s.b.f.s.DefaultListableBeanFactory - 
Creating shared instance of singleton bean 'spring.task.scheduling-org.springframework.boot.autoconfigure.task.TaskSchedulingProperties'
13:20:46.770 [main] DEBUG o.s.b.f.s.DefaultListableBeanFactory - 
Autowiring by type from bean name 'threadPoolTaskSchedulerBuilder' via factory method to bean named 'spring.task.scheduling-org.springframework.boot.autoconfigure.task.TaskSchedulingProperties'
13:20:46.774 [main] DEBUG o.s.b.f.s.DefaultListableBeanFactory - 
Creating shared instance of singleton bean 'org.springframework.boot.autoconfigure.task.TaskSchedulingConfigurations$TaskSchedulerBuilderConfiguration'
13:20:46.774 [main] DEBUG o.s.b.f.s.DefaultListableBeanFactory - 
Creating shared instance of singleton bean 'taskSchedulerBuilder'
13:20:46.776 [main] DEBUG o.s.b.f.s.DefaultListableBeanFactory - 
Autowiring by type from bean name 'taskSchedulerBuilder' via factory method to bean named 'spring.task.scheduling-org.springframework.boot.autoconfigure.task.TaskSchedulingProperties'
13:20:46.778 [main] DEBUG o.s.b.f.s.DefaultListableBeanFactory - 
Creating shared instance of singleton bean 'org.springframework.boot.autoconfigure.task.TaskSchedulingConfigurations$SimpleAsyncTaskSchedulerBuilderConfiguration'
13:20:46.779 [main] DEBUG o.s.b.f.s.DefaultListableBeanFactory - 
Autowiring by type from bean name 'org.springframework.boot.autoconfigure.task.TaskSchedulingConfigurations$SimpleAsyncTaskSchedulerBuilderConfiguration' via constructor to bean named 'spring.task.scheduling-org.springframework.boot.autoconfigure.task.TaskSchedulingProperties'
13:20:46.780 [main] DEBUG o.s.b.f.s.DefaultListableBeanFactory - 
Creating shared instance of singleton bean 'simpleAsyncTaskSchedulerBuilder'
13:20:46.784 [main] DEBUG o.s.b.f.s.DefaultListableBeanFactory - 
Creating shared instance of singleton bean 'org.springframework.boot.autoconfigure.task.TaskSchedulingAutoConfiguration'
13:20:46.784 [main] DEBUG o.s.b.f.s.DefaultListableBeanFactory - 
Creating shared instance of singleton bean 'org.springframework.boot.autoconfigure.web.client.RestClientAutoConfiguration'
13:20:46.785 [main] DEBUG o.s.b.f.s.DefaultListableBeanFactory - 
Creating shared instance of singleton bean 'httpMessageConvertersRestClientCustomizer'
13:20:46.786 [main] DEBUG o.s.b.f.s.DefaultListableBeanFactory - 
Creating shared instance of singleton bean 'restClientSsl'
13:20:46.787 [main] DEBUG o.s.b.f.s.DefaultListableBeanFactory - 
Autowiring by type from bean name 'restClientSsl' via factory method to bean named 'sslBundleRegistry'
13:20:46.788 [main] DEBUG o.s.b.f.s.DefaultListableBeanFactory - 
Creating shared instance of singleton bean 'restClientBuilderConfigurer'
13:20:46.791 [main] DEBUG o.s.b.f.s.DefaultListableBeanFactory - 
Creating shared instance of singleton bean 'org.springframework.boot.autoconfigure.web.client.RestTemplateAutoConfiguration'
13:20:46.794 [main] DEBUG o.s.b.f.s.DefaultListableBeanFactory - 
Creating shared instance of singleton bean 'characterEncodingFilter'
13:20:46.795 [main] DEBUG o.s.b.f.s.DefaultListableBeanFactory - 
Creating shared instance of singleton bean 'multipartResolver'
13:20:46.797 [main] DEBUG o.s.b.f.s.DefaultListableBeanFactory - 
Creating shared instance of singleton bean 'payloadRootAnnotationMethodEndpointMapping'
13:20:46.813 [main] DEBUG o.s.w.s.e.m.PayloadRootAnnotationMethodEndpointMapping - 
Looking for endpoints in application context: org.springframework.web.context.support.GenericWebApplicationContext@24097e9b, started on Wed Aug 07 13:20:43 GST 2024
13:20:46.817 [main] DEBUG o.s.b.f.s.DefaultListableBeanFactory - 
Creating shared instance of singleton bean 'soapActionAnnotationMethodEndpointMapping'
13:20:46.820 [main] DEBUG o.s.w.s.s.e.m.SoapActionAnnotationMethodEndpointMapping - 
Looking for endpoints in application context: org.springframework.web.context.support.GenericWebApplicationContext@24097e9b, started on Wed Aug 07 13:20:43 GST 2024
13:20:46.823 [main] DEBUG o.s.b.f.s.DefaultListableBeanFactory - 
Creating shared instance of singleton bean 'defaultMethodEndpointAdapter'
13:20:46.840 [main] DEBUG o.s.w.s.e.a.DefaultMethodEndpointAdapter - 
No MethodArgumentResolvers set, using defaults: [org.springframework.ws.server.endpoint.adapter.method.dom.DomPayloadMethodProcessor@565aa4ac, org.springframework.ws.server.endpoint.adapter.method.MessageContextMethodArgumentResolver@587c5c1, org.springframework.ws.server.endpoint.adapter.method.SourcePayloadMethodProcessor@528c8c1, org.springframework.ws.server.endpoint.adapter.method.XPathParamMethodArgumentResolver@1f78d415, org.springframework.ws.soap.server.endpoint.adapter.method.SoapMethodArgumentResolver@1c046c92, org.springframework.ws.soap.server.endpoint.adapter.method.SoapHeaderElementMethodArgumentResolver@27960b1e, org.springframework.ws.server.endpoint.adapter.method.jaxb.XmlRootElementPayloadMethodProcessor@643ba1ed, org.springframework.ws.server.endpoint.adapter.method.jaxb.JaxbElementPayloadMethodProcessor@3d3a1903, org.springframework.ws.server.endpoint.adapter.method.StaxPayloadMethodArgumentResolver@26582ca]
13:20:46.841 [main] DEBUG o.s.w.s.e.a.DefaultMethodEndpointAdapter - 
No MethodReturnValueHandlers set, using defaults: [org.springframework.ws.server.endpoint.adapter.method.dom.DomPayloadMethodProcessor@153cb763, org.springframework.ws.server.endpoint.adapter.method.SourcePayloadMethodProcessor@2c3158e0, org.springframework.ws.server.endpoint.adapter.method.jaxb.XmlRootElementPayloadMethodProcessor@412ebe64, org.springframework.ws.server.endpoint.adapter.method.jaxb.JaxbElementPayloadMethodProcessor@6f731759]
13:20:46.841 [main] DEBUG o.s.b.f.s.DefaultListableBeanFactory - 
Creating shared instance of singleton bean 'soapFaultAnnotationExceptionResolver'
13:20:46.844 [main] DEBUG o.s.b.f.s.DefaultListableBeanFactory - 
Creating shared instance of singleton bean 'simpleSoapExceptionResolver'
13:20:46.845 [main] DEBUG o.s.b.f.s.DefaultListableBeanFactory - 
Creating shared instance of singleton bean 'org.springframework.boot.autoconfigure.webservices.WebServicesAutoConfiguration$WsConfiguration'
13:20:46.846 [main] DEBUG o.s.b.f.s.DefaultListableBeanFactory - 
Creating shared instance of singleton bean 'org.springframework.boot.autoconfigure.webservices.WebServicesAutoConfiguration'
13:20:46.847 [main] DEBUG o.s.b.f.s.DefaultListableBeanFactory - 
Creating shared instance of singleton bean 'messageDispatcherServlet'
13:20:46.852 [main] DEBUG o.s.b.f.s.DefaultListableBeanFactory - 
Creating shared instance of singleton bean 'spring.webservices-org.springframework.boot.autoconfigure.webservices.WebServicesProperties'
13:20:46.854 [main] DEBUG o.s.b.f.s.DefaultListableBeanFactory - 
Autowiring by type from bean name 'messageDispatcherServlet' via factory method to bean named 'org.springframework.web.context.support.GenericWebApplicationContext@24097e9b'
13:20:46.855 [main] DEBUG o.s.b.f.s.DefaultListableBeanFactory - 
Autowiring by type from bean name 'messageDispatcherServlet' via factory method to bean named 'spring.webservices-org.springframework.boot.autoconfigure.webservices.WebServicesProperties'
13:20:46.859 [main] DEBUG o.s.b.f.s.DefaultListableBeanFactory - 
Creating shared instance of singleton bean 'org.springframework.boot.autoconfigure.webservices.client.WebServiceTemplateAutoConfiguration'
13:20:46.861 [main] DEBUG o.s.b.f.s.DefaultListableBeanFactory - 
Creating shared instance of singleton bean 'webServiceTemplateBuilder'
13:20:46.894 [main] DEBUG o.s.c.s.DefaultLifecycleProcessor - 
Starting beans in phase -2147483647
13:20:46.896 [main] DEBUG o.s.c.s.DefaultLifecycleProcessor - 
Successfully started bean 'springBootLoggingLifecycle'
13:20:46.896 [main] DEBUG o.s.c.s.DefaultLifecycleProcessor - 
Starting beans in phase 2147483647
13:20:46.936 [main] DEBUG o.s.b.a.l.ConditionEvaluationReportLogger - 



============================
CONDITIONS EVALUATION REPORT
============================


Positive matches:
-----------------

   AopAutoConfiguration matched:
      - @ConditionalOnProperty (spring.aop.auto=true) matched (OnPropertyCondition)

   AopAutoConfiguration.ClassProxyingConfiguration matched:
      - @ConditionalOnMissingClass did not find unwanted class 'org.aspectj.weaver.Advice' (OnClassCondition)
      - @ConditionalOnProperty (spring.aop.proxy-target-class=true) matched (OnPropertyCondition)

   ApplicationAvailabilityAutoConfiguration#applicationAvailability matched:
      - @ConditionalOnMissingBean (types: org.springframework.boot.availability.ApplicationAvailability; SearchStrategy: all) did not find any beans (OnBeanCondition)

   DispatcherServletAutoConfiguration matched:
      - @ConditionalOnClass found required class 'org.springframework.web.servlet.DispatcherServlet' (OnClassCondition)
      - found 'session' scope (OnWebApplicationCondition)

   DispatcherServletAutoConfiguration.DispatcherServletConfiguration matched:
      - @ConditionalOnClass found required class 'jakarta.servlet.ServletRegistration' (OnClassCondition)
      - Default DispatcherServlet did not find dispatcher servlet beans (DispatcherServletAutoConfiguration.DefaultDispatcherServletCondition)

   DispatcherServletAutoConfiguration.DispatcherServletRegistrationConfiguration matched:
      - @ConditionalOnClass found required class 'jakarta.servlet.ServletRegistration' (OnClassCondition)
      - DispatcherServlet Registration did not find servlet registration bean (DispatcherServletAutoConfiguration.DispatcherServletRegistrationCondition)

   DispatcherServletAutoConfiguration.DispatcherServletRegistrationConfiguration#dispatcherServletRegistration matched:
      - @ConditionalOnBean (names: dispatcherServlet types: org.springframework.web.servlet.DispatcherServlet; SearchStrategy: all) found bean 'dispatcherServlet' (OnBeanCondition)

   ErrorMvcAutoConfiguration matched:
      - @ConditionalOnClass found required classes 'jakarta.servlet.Servlet', 'org.springframework.web.servlet.DispatcherServlet' (OnClassCondition)
      - found 'session' scope (OnWebApplicationCondition)

   ErrorMvcAutoConfiguration#basicErrorController matched:
      - @ConditionalOnMissingBean (types: org.springframework.boot.web.servlet.error.ErrorController; SearchStrategy: current) did not find any beans (OnBeanCondition)

   ErrorMvcAutoConfiguration#errorAttributes matched:
      - @ConditionalOnMissingBean (types: org.springframework.boot.web.servlet.error.ErrorAttributes; SearchStrategy: current) did not find any beans (OnBeanCondition)

   ErrorMvcAutoConfiguration.DefaultErrorViewResolverConfiguration#conventionErrorViewResolver matched:
      - @ConditionalOnBean (types: org.springframework.web.servlet.DispatcherServlet; SearchStrategy: all) found bean 'dispatcherServlet'; @ConditionalOnMissingBean (types: org.springframework.boot.autoconfigure.web.servlet.error.ErrorViewResolver; SearchStrategy: all) did not find any beans (OnBeanCondition)

   ErrorMvcAutoConfiguration.WhitelabelErrorViewConfiguration matched:
      - @ConditionalOnProperty (server.error.whitelabel.enabled) matched (OnPropertyCondition)
      - ErrorTemplate Missing did not find error template view (ErrorMvcAutoConfiguration.ErrorTemplateMissingCondition)

   ErrorMvcAutoConfiguration.WhitelabelErrorViewConfiguration#beanNameViewResolver matched:
      - @ConditionalOnMissingBean (types: org.springframework.web.servlet.view.BeanNameViewResolver; SearchStrategy: all) did not find any beans (OnBeanCondition)

   ErrorMvcAutoConfiguration.WhitelabelErrorViewConfiguration#defaultErrorView matched:
      - @ConditionalOnMissingBean (names: error; SearchStrategy: all) did not find any beans (OnBeanCondition)

   GenericCacheConfiguration matched:
      - Cache org.springframework.boot.autoconfigure.cache.GenericCacheConfiguration automatic cache type (CacheCondition)

   GsonAutoConfiguration matched:
      - @ConditionalOnClass found required class 'com.google.gson.Gson' (OnClassCondition)

   GsonAutoConfiguration#gson matched:
      - @ConditionalOnMissingBean (types: com.google.gson.Gson; SearchStrategy: all) did not find any beans (OnBeanCondition)

   GsonAutoConfiguration#gsonBuilder matched:
      - @ConditionalOnMissingBean (types: com.google.gson.GsonBuilder; SearchStrategy: all) did not find any beans (OnBeanCondition)

   GsonHttpMessageConvertersConfiguration matched:
      - @ConditionalOnClass found required class 'com.google.gson.Gson' (OnClassCondition)

   HttpEncodingAutoConfiguration matched:
      - @ConditionalOnClass found required class 'org.springframework.web.filter.CharacterEncodingFilter' (OnClassCondition)
      - found 'session' scope (OnWebApplicationCondition)
      - @ConditionalOnProperty (server.servlet.encoding.enabled) matched (OnPropertyCondition)

   HttpEncodingAutoConfiguration#characterEncodingFilter matched:
      - @ConditionalOnMissingBean (types: org.springframework.web.filter.CharacterEncodingFilter; SearchStrategy: all) did not find any beans (OnBeanCondition)

   HttpMessageConvertersAutoConfiguration matched:
      - @ConditionalOnClass found required class 'org.springframework.http.converter.HttpMessageConverter' (OnClassCondition)
      - NoneNestedConditions 0 matched 1 did not; NestedCondition on HttpMessageConvertersAutoConfiguration.NotReactiveWebApplicationCondition.ReactiveWebApplication did not find reactive web application classes (HttpMessageConvertersAutoConfiguration.NotReactiveWebApplicationCondition)

   HttpMessageConvertersAutoConfiguration#messageConverters matched:
      - @ConditionalOnMissingBean (types: org.springframework.boot.autoconfigure.http.HttpMessageConverters; SearchStrategy: all) did not find any beans (OnBeanCondition)

   HttpMessageConvertersAutoConfiguration.StringHttpMessageConverterConfiguration matched:
      - @ConditionalOnClass found required class 'org.springframework.http.converter.StringHttpMessageConverter' (OnClassCondition)

   HttpMessageConvertersAutoConfiguration.StringHttpMessageConverterConfiguration#stringHttpMessageConverter matched:
      - @ConditionalOnMissingBean (types: org.springframework.http.converter.StringHttpMessageConverter; SearchStrategy: all) did not find any beans (OnBeanCondition)

   JacksonAutoConfiguration matched:
      - @ConditionalOnClass found required class 'com.fasterxml.jackson.databind.ObjectMapper' (OnClassCondition)

   JacksonAutoConfiguration.Jackson2ObjectMapperBuilderCustomizerConfiguration matched:
      - @ConditionalOnClass found required class 'org.springframework.http.converter.json.Jackson2ObjectMapperBuilder' (OnClassCondition)

   JacksonAutoConfiguration.JacksonObjectMapperBuilderConfiguration matched:
      - @ConditionalOnClass found required class 'org.springframework.http.converter.json.Jackson2ObjectMapperBuilder' (OnClassCondition)

   JacksonAutoConfiguration.JacksonObjectMapperBuilderConfiguration#jacksonObjectMapperBuilder matched:
      - @ConditionalOnMissingBean (types: org.springframework.http.converter.json.Jackson2ObjectMapperBuilder; SearchStrategy: all) did not find any beans (OnBeanCondition)

   JacksonAutoConfiguration.JacksonObjectMapperConfiguration matched:
      - @ConditionalOnClass found required class 'org.springframework.http.converter.json.Jackson2ObjectMapperBuilder' (OnClassCondition)

   JacksonAutoConfiguration.JacksonObjectMapperConfiguration#jacksonObjectMapper matched:
      - @ConditionalOnMissingBean (types: com.fasterxml.jackson.databind.ObjectMapper; SearchStrategy: all) did not find any beans (OnBeanCondition)

   JacksonAutoConfiguration.ParameterNamesModuleConfiguration matched:
      - @ConditionalOnClass found required class 'com.fasterxml.jackson.module.paramnames.ParameterNamesModule' (OnClassCondition)

   JacksonAutoConfiguration.ParameterNamesModuleConfiguration#parameterNamesModule matched:
      - @ConditionalOnMissingBean (types: com.fasterxml.jackson.module.paramnames.ParameterNamesModule; SearchStrategy: all) did not find any beans (OnBeanCondition)

   JacksonHttpMessageConvertersConfiguration.MappingJackson2HttpMessageConverterConfiguration matched:
      - @ConditionalOnClass found required class 'com.fasterxml.jackson.databind.ObjectMapper' (OnClassCondition)
      - @ConditionalOnProperty (spring.mvc.converters.preferred-json-mapper=jackson) matched (OnPropertyCondition)
      - @ConditionalOnBean (types: com.fasterxml.jackson.databind.ObjectMapper; SearchStrategy: all) found bean 'jacksonObjectMapper' (OnBeanCondition)

   JacksonHttpMessageConvertersConfiguration.MappingJackson2HttpMessageConverterConfiguration#mappingJackson2HttpMessageConverter matched:
      - @ConditionalOnMissingBean (types: org.springframework.http.converter.json.MappingJackson2HttpMessageConverter ignored: org.springframework.hateoas.server.mvc.TypeConstrainedMappingJackson2HttpMessageConverter,org.springframework.data.rest.webmvc.alps.AlpsJsonHttpMessageConverter; SearchStrategy: all) did not find any beans (OnBeanCondition)

   LifecycleAutoConfiguration#defaultLifecycleProcessor matched:
      - @ConditionalOnMissingBean (names: lifecycleProcessor; SearchStrategy: current) did not find any beans (OnBeanCondition)

   MultipartAutoConfiguration matched:
      - @ConditionalOnClass found required classes 'jakarta.servlet.Servlet', 'org.springframework.web.multipart.support.StandardServletMultipartResolver', 'jakarta.servlet.MultipartConfigElement' (OnClassCondition)
      - found 'session' scope (OnWebApplicationCondition)
      - @ConditionalOnProperty (spring.servlet.multipart.enabled) matched (OnPropertyCondition)

   MultipartAutoConfiguration#multipartConfigElement matched:
      - @ConditionalOnMissingBean (types: jakarta.servlet.MultipartConfigElement; SearchStrategy: all) did not find any beans (OnBeanCondition)

   MultipartAutoConfiguration#multipartResolver matched:
      - @ConditionalOnMissingBean (types: org.springframework.web.multipart.MultipartResolver; SearchStrategy: all) did not find any beans (OnBeanCondition)

   NoOpCacheConfiguration matched:
      - Cache org.springframework.boot.autoconfigure.cache.NoOpCacheConfiguration automatic cache type (CacheCondition)

   PropertyPlaceholderAutoConfiguration#propertySourcesPlaceholderConfigurer matched:
      - @ConditionalOnMissingBean (types: org.springframework.context.support.PropertySourcesPlaceholderConfigurer; SearchStrategy: current) did not find any beans (OnBeanCondition)

   RestClientAutoConfiguration matched:
      - @ConditionalOnClass found required class 'org.springframework.web.client.RestClient' (OnClassCondition)
      - NoneNestedConditions 0 matched 1 did not; NestedCondition on NotReactiveWebApplicationCondition.ReactiveWebApplication did not find reactive web application classes (NotReactiveWebApplicationCondition)

   RestClientAutoConfiguration#httpMessageConvertersRestClientCustomizer matched:
      - @ConditionalOnMissingBean (types: org.springframework.boot.autoconfigure.web.client.HttpMessageConvertersRestClientCustomizer; SearchStrategy: all) did not find any beans (OnBeanCondition)

   RestClientAutoConfiguration#restClientBuilder matched:
      - @ConditionalOnMissingBean (types: org.springframework.web.client.RestClient$Builder; SearchStrategy: all) did not find any beans (OnBeanCondition)

   RestClientAutoConfiguration#restClientBuilderConfigurer matched:
      - @ConditionalOnMissingBean (types: org.springframework.boot.autoconfigure.web.client.RestClientBuilderConfigurer; SearchStrategy: all) did not find any beans (OnBeanCondition)

   RestClientAutoConfiguration#restClientSsl matched:
      - @ConditionalOnBean (types: org.springframework.boot.ssl.SslBundles; SearchStrategy: all) found bean 'sslBundleRegistry'; @ConditionalOnMissingBean (types: org.springframework.boot.autoconfigure.web.client.RestClientSsl; SearchStrategy: all) did not find any beans (OnBeanCondition)

   RestTemplateAutoConfiguration matched:
      - @ConditionalOnClass found required class 'org.springframework.web.client.RestTemplate' (OnClassCondition)
      - NoneNestedConditions 0 matched 1 did not; NestedCondition on NotReactiveWebApplicationCondition.ReactiveWebApplication did not find reactive web application classes (NotReactiveWebApplicationCondition)

   RestTemplateAutoConfiguration#restTemplateBuilder matched:
      - @ConditionalOnMissingBean (types: org.springframework.boot.web.client.RestTemplateBuilder; SearchStrategy: all) did not find any beans (OnBeanCondition)

   ServletWebServerFactoryAutoConfiguration matched:
      - @ConditionalOnClass found required class 'jakarta.servlet.ServletRequest' (OnClassCondition)
      - found 'session' scope (OnWebApplicationCondition)

   ServletWebServerFactoryAutoConfiguration#tomcatServletWebServerFactoryCustomizer matched:
      - @ConditionalOnClass found required class 'org.apache.catalina.startup.Tomcat' (OnClassCondition)

   ServletWebServerFactoryConfiguration.EmbeddedTomcat matched:
      - @ConditionalOnClass found required classes 'jakarta.servlet.Servlet', 'org.apache.catalina.startup.Tomcat', 'org.apache.coyote.UpgradeProtocol' (OnClassCondition)
      - @ConditionalOnMissingBean (types: org.springframework.boot.web.servlet.server.ServletWebServerFactory; SearchStrategy: current) did not find any beans (OnBeanCondition)

   SimpleCacheConfiguration matched:
      - Cache org.springframework.boot.autoconfigure.cache.SimpleCacheConfiguration automatic cache type (CacheCondition)

   SqlInitializationAutoConfiguration matched:
      - @ConditionalOnProperty (spring.sql.init.enabled) matched (OnPropertyCondition)
      - NoneNestedConditions 0 matched 1 did not; NestedCondition on SqlInitializationAutoConfiguration.SqlInitializationModeCondition.ModeIsNever @ConditionalOnProperty (spring.sql.init.mode=never) did not find property 'mode' (SqlInitializationAutoConfiguration.SqlInitializationModeCondition)

   SslAutoConfiguration#sslBundleRegistry matched:
      - @ConditionalOnMissingBean (types: org.springframework.boot.ssl.SslBundleRegistry,org.springframework.boot.ssl.SslBundles; SearchStrategy: all) did not find any beans (OnBeanCondition)

   TaskExecutionAutoConfiguration matched:
      - @ConditionalOnClass found required class 'org.springframework.scheduling.concurrent.ThreadPoolTaskExecutor' (OnClassCondition)

   TaskExecutorConfigurations.SimpleAsyncTaskExecutorBuilderConfiguration#simpleAsyncTaskExecutorBuilder matched:
      - @ConditionalOnMissingBean (types: org.springframework.boot.task.SimpleAsyncTaskExecutorBuilder; SearchStrategy: all) did not find any beans (OnBeanCondition)
      - @ConditionalOnThreading found PLATFORM (OnThreadingCondition)

   TaskExecutorConfigurations.TaskExecutorBuilderConfiguration#taskExecutorBuilder matched:
      - @ConditionalOnMissingBean (types: org.springframework.boot.task.TaskExecutorBuilder; SearchStrategy: all) did not find any beans (OnBeanCondition)

   TaskExecutorConfigurations.TaskExecutorConfiguration matched:
      - @ConditionalOnMissingBean (types: java.util.concurrent.Executor; SearchStrategy: all) did not find any beans (OnBeanCondition)

   TaskExecutorConfigurations.TaskExecutorConfiguration#applicationTaskExecutor matched:
      - @ConditionalOnThreading found PLATFORM (OnThreadingCondition)

   TaskExecutorConfigurations.ThreadPoolTaskExecutorBuilderConfiguration#threadPoolTaskExecutorBuilder matched:
      - @ConditionalOnMissingBean (types: org.springframework.boot.task.TaskExecutorBuilder,org.springframework.boot.task.ThreadPoolTaskExecutorBuilder; SearchStrategy: all) did not find any beans (OnBeanCondition)

   TaskSchedulingAutoConfiguration matched:
      - @ConditionalOnClass found required class 'org.springframework.scheduling.concurrent.ThreadPoolTaskScheduler' (OnClassCondition)

   TaskSchedulingConfigurations.SimpleAsyncTaskSchedulerBuilderConfiguration#simpleAsyncTaskSchedulerBuilder matched:
      - @ConditionalOnMissingBean (types: org.springframework.boot.task.SimpleAsyncTaskSchedulerBuilder; SearchStrategy: all) did not find any beans (OnBeanCondition)
      - @ConditionalOnThreading found PLATFORM (OnThreadingCondition)

   TaskSchedulingConfigurations.TaskSchedulerBuilderConfiguration#taskSchedulerBuilder matched:
      - @ConditionalOnMissingBean (types: org.springframework.boot.task.TaskSchedulerBuilder; SearchStrategy: all) did not find any beans (OnBeanCondition)

   TaskSchedulingConfigurations.ThreadPoolTaskSchedulerBuilderConfiguration#threadPoolTaskSchedulerBuilder matched:
      - @ConditionalOnMissingBean (types: org.springframework.boot.task.TaskSchedulerBuilder,org.springframework.boot.task.ThreadPoolTaskSchedulerBuilder; SearchStrategy: all) did not find any beans (OnBeanCondition)

   WebMvcAutoConfiguration matched:
      - @ConditionalOnClass found required classes 'jakarta.servlet.Servlet', 'org.springframework.web.servlet.DispatcherServlet', 'org.springframework.web.servlet.config.annotation.WebMvcConfigurer' (OnClassCondition)
      - found 'session' scope (OnWebApplicationCondition)
      - @ConditionalOnMissingBean (types: org.springframework.web.servlet.config.annotation.WebMvcConfigurationSupport; SearchStrategy: all) did not find any beans (OnBeanCondition)

   WebMvcAutoConfiguration#formContentFilter matched:
      - @ConditionalOnProperty (spring.mvc.formcontent.filter.enabled) matched (OnPropertyCondition)
      - @ConditionalOnMissingBean (types: org.springframework.web.filter.FormContentFilter; SearchStrategy: all) did not find any beans (OnBeanCondition)

   WebMvcAutoConfiguration.EnableWebMvcConfiguration#flashMapManager matched:
      - @ConditionalOnMissingBean (names: flashMapManager; SearchStrategy: all) did not find any beans (OnBeanCondition)

   WebMvcAutoConfiguration.EnableWebMvcConfiguration#localeResolver matched:
      - @ConditionalOnMissingBean (names: localeResolver; SearchStrategy: all) did not find any beans (OnBeanCondition)

   WebMvcAutoConfiguration.EnableWebMvcConfiguration#themeResolver matched:
      - @ConditionalOnMissingBean (names: themeResolver; SearchStrategy: all) did not find any beans (OnBeanCondition)

   WebMvcAutoConfiguration.WebMvcAutoConfigurationAdapter#defaultViewResolver matched:
      - @ConditionalOnMissingBean (types: org.springframework.web.servlet.view.InternalResourceViewResolver; SearchStrategy: all) did not find any beans (OnBeanCondition)

   WebMvcAutoConfiguration.WebMvcAutoConfigurationAdapter#requestContextFilter matched:
      - @ConditionalOnMissingBean (types: org.springframework.web.context.request.RequestContextListener,org.springframework.web.filter.RequestContextFilter; SearchStrategy: all) did not find any beans (OnBeanCondition)

   WebMvcAutoConfiguration.WebMvcAutoConfigurationAdapter#viewResolver matched:
      - @ConditionalOnBean (types: org.springframework.web.servlet.ViewResolver; SearchStrategy: all) found beans 'defaultViewResolver', 'beanNameViewResolver', 'mvcViewResolver'; @ConditionalOnMissingBean (names: viewResolver types: org.springframework.web.servlet.view.ContentNegotiatingViewResolver; SearchStrategy: all) did not find any beans (OnBeanCondition)

   WebServiceTemplateAutoConfiguration matched:
      - @ConditionalOnClass found required classes 'org.springframework.ws.client.core.WebServiceTemplate', 'org.springframework.oxm.Unmarshaller', 'org.springframework.oxm.Marshaller' (OnClassCondition)

   WebServiceTemplateAutoConfiguration#webServiceTemplateBuilder matched:
      - @ConditionalOnMissingBean (types: org.springframework.boot.webservices.client.WebServiceTemplateBuilder; SearchStrategy: all) did not find any beans (OnBeanCondition)

   WebServicesAutoConfiguration matched:
      - @ConditionalOnClass found required class 'org.springframework.ws.transport.http.MessageDispatcherServlet' (OnClassCondition)
      - found 'session' scope (OnWebApplicationCondition)
      - @ConditionalOnMissingBean (types: org.springframework.ws.config.annotation.WsConfigurationSupport; SearchStrategy: all) did not find any beans (OnBeanCondition)

   WebSocketServletAutoConfiguration matched:
      - @ConditionalOnClass found required classes 'jakarta.servlet.Servlet', 'jakarta.websocket.server.ServerContainer' (OnClassCondition)
      - found 'session' scope (OnWebApplicationCondition)

   WebSocketServletAutoConfiguration.TomcatWebSocketConfiguration matched:
      - @ConditionalOnClass found required classes 'org.apache.catalina.startup.Tomcat', 'org.apache.tomcat.websocket.server.WsSci' (OnClassCondition)

   WebSocketServletAutoConfiguration.TomcatWebSocketConfiguration#websocketServletWebServerCustomizer matched:
      - @ConditionalOnMissingBean (names: websocketServletWebServerCustomizer; SearchStrategy: all) did not find any beans (OnBeanCondition)


Negative matches:
-----------------

   ActiveMQAutoConfiguration:
      Did not match:
         - @ConditionalOnClass did not find required class 'jakarta.jms.ConnectionFactory' (OnClassCondition)

   AopAutoConfiguration.AspectJAutoProxyingConfiguration:
      Did not match:
         - @ConditionalOnClass did not find required class 'org.aspectj.weaver.Advice' (OnClassCondition)

   ArtemisAutoConfiguration:
      Did not match:
         - @ConditionalOnClass did not find required class 'jakarta.jms.ConnectionFactory' (OnClassCondition)

   BatchAutoConfiguration:
      Did not match:
         - @ConditionalOnClass did not find required class 'org.springframework.batch.core.launch.JobLauncher' (OnClassCondition)

   Cache2kCacheConfiguration:
      Did not match:
         - @ConditionalOnClass did not find required class 'org.cache2k.Cache2kBuilder' (OnClassCondition)

   CacheAutoConfiguration:
      Did not match:
         - @ConditionalOnBean (types: org.springframework.cache.interceptor.CacheAspectSupport; SearchStrategy: all) did not find any beans of type org.springframework.cache.interceptor.CacheAspectSupport (OnBeanCondition)
      Matched:
         - @ConditionalOnClass found required class 'org.springframework.cache.CacheManager' (OnClassCondition)

   CacheAutoConfiguration.CacheManagerEntityManagerFactoryDependsOnPostProcessor:
      Did not match:
         - @ConditionalOnClass did not find required class 'org.springframework.orm.jpa.LocalContainerEntityManagerFactoryBean' (OnClassCondition)
         - Ancestor org.springframework.boot.autoconfigure.cache.CacheAutoConfiguration did not match (ConditionEvaluationReport.AncestorsMatchedCondition)

   CaffeineCacheConfiguration:
      Did not match:
         - @ConditionalOnClass did not find required class 'com.github.benmanes.caffeine.cache.Caffeine' (OnClassCondition)

   CassandraAutoConfiguration:
      Did not match:
         - @ConditionalOnClass did not find required class 'com.datastax.oss.driver.api.core.CqlSession' (OnClassCondition)

   CassandraDataAutoConfiguration:
      Did not match:
         - @ConditionalOnClass did not find required class 'com.datastax.oss.driver.api.core.CqlSession' (OnClassCondition)

   CassandraReactiveDataAutoConfiguration:
      Did not match:
         - @ConditionalOnClass did not find required class 'com.datastax.oss.driver.api.core.CqlSession' (OnClassCondition)

   CassandraReactiveRepositoriesAutoConfiguration:
      Did not match:
         - @ConditionalOnClass did not find required class 'org.springframework.data.cassandra.ReactiveSession' (OnClassCondition)

   CassandraRepositoriesAutoConfiguration:
      Did not match:
         - @ConditionalOnClass did not find required class 'com.datastax.oss.driver.api.core.CqlSession' (OnClassCondition)

   ClientHttpConnectorAutoConfiguration:
      Did not match:
         - @ConditionalOnClass did not find required class 'org.springframework.web.reactive.function.client.WebClient' (OnClassCondition)

   CodecsAutoConfiguration:
      Did not match:
         - @ConditionalOnClass did not find required class 'org.springframework.web.reactive.function.client.WebClient' (OnClassCondition)

   CouchbaseAutoConfiguration:
      Did not match:
         - @ConditionalOnClass did not find required class 'com.couchbase.client.java.Cluster' (OnClassCondition)

   CouchbaseCacheConfiguration:
      Did not match:
         - @ConditionalOnClass did not find required class 'com.couchbase.client.java.Cluster' (OnClassCondition)

   CouchbaseDataAutoConfiguration:
      Did not match:
         - @ConditionalOnClass did not find required class 'com.couchbase.client.java.Bucket' (OnClassCondition)

   CouchbaseReactiveDataAutoConfiguration:
      Did not match:
         - @ConditionalOnClass did not find required class 'com.couchbase.client.java.Cluster' (OnClassCondition)

   CouchbaseReactiveRepositoriesAutoConfiguration:
      Did not match:
         - @ConditionalOnClass did not find required class 'com.couchbase.client.java.Cluster' (OnClassCondition)

   CouchbaseRepositoriesAutoConfiguration:
      Did not match:
         - @ConditionalOnClass did not find required class 'com.couchbase.client.java.Bucket' (OnClassCondition)

   DataSourceAutoConfiguration:
      Did not match:
         - @ConditionalOnClass did not find required class 'org.springframework.jdbc.datasource.embedded.EmbeddedDatabaseType' (OnClassCondition)

   DataSourceInitializationConfiguration:
      Did not match:
         - @ConditionalOnClass did not find required class 'org.springframework.jdbc.datasource.init.DatabasePopulator' (OnClassCondition)

   DataSourceTransactionManagerAutoConfiguration:
      Did not match:
         - @ConditionalOnClass did not find required class 'org.springframework.jdbc.core.JdbcTemplate' (OnClassCondition)

   DispatcherServletAutoConfiguration.DispatcherServletConfiguration#multipartResolver:
      Did not match:
         - @ConditionalOnBean (types: org.springframework.web.multipart.MultipartResolver; SearchStrategy: all) did not find any beans of type org.springframework.web.multipart.MultipartResolver (OnBeanCondition)

   ElasticsearchClientAutoConfiguration:
      Did not match:
         - @ConditionalOnClass did not find required class 'co.elastic.clients.elasticsearch.ElasticsearchClient' (OnClassCondition)

   ElasticsearchDataAutoConfiguration:
      Did not match:
         - @ConditionalOnClass did not find required class 'org.springframework.data.elasticsearch.client.elc.ElasticsearchTemplate' (OnClassCondition)

   ElasticsearchRepositoriesAutoConfiguration:
      Did not match:
         - @ConditionalOnClass did not find required class 'org.springframework.data.elasticsearch.repository.ElasticsearchRepository' (OnClassCondition)

   ElasticsearchRestClientAutoConfiguration:
      Did not match:
         - @ConditionalOnClass did not find required class 'org.elasticsearch.client.RestClientBuilder' (OnClassCondition)

   EmbeddedLdapAutoConfiguration:
      Did not match:
         - @ConditionalOnClass did not find required class 'com.unboundid.ldap.listener.InMemoryDirectoryServer' (OnClassCondition)

   EmbeddedWebServerFactoryCustomizerAutoConfiguration:
      Did not match:
         - Application is deployed as a WAR file. (OnWarDeploymentCondition)
      Matched:
         - @ConditionalOnWebApplication (required) found 'session' scope (OnWebApplicationCondition)

   ErrorWebFluxAutoConfiguration:
      Did not match:
         - @ConditionalOnClass did not find required class 'org.springframework.web.reactive.config.WebFluxConfigurer' (OnClassCondition)

   FlywayAutoConfiguration:
      Did not match:
         - @ConditionalOnClass did not find required class 'org.flywaydb.core.Flyway' (OnClassCondition)

   FreeMarkerAutoConfiguration:
      Did not match:
         - @ConditionalOnClass did not find required class 'freemarker.template.Configuration' (OnClassCondition)

   GraphQlAutoConfiguration:
      Did not match:
         - @ConditionalOnClass did not find required class 'graphql.GraphQL' (OnClassCondition)

   GraphQlQueryByExampleAutoConfiguration:
      Did not match:
         - @ConditionalOnClass did not find required class 'graphql.GraphQL' (OnClassCondition)

   GraphQlQuerydslAutoConfiguration:
      Did not match:
         - @ConditionalOnClass did not find required class 'com.querydsl.core.Query' (OnClassCondition)

   GraphQlRSocketAutoConfiguration:
      Did not match:
         - @ConditionalOnClass did not find required class 'graphql.GraphQL' (OnClassCondition)

   GraphQlReactiveQueryByExampleAutoConfiguration:
      Did not match:
         - @ConditionalOnClass did not find required class 'graphql.GraphQL' (OnClassCondition)

   GraphQlReactiveQuerydslAutoConfiguration:
      Did not match:
         - @ConditionalOnClass did not find required class 'com.querydsl.core.Query' (OnClassCondition)

   GraphQlWebFluxAutoConfiguration:
      Did not match:
         - @ConditionalOnClass did not find required class 'graphql.GraphQL' (OnClassCondition)

   GraphQlWebFluxSecurityAutoConfiguration:
      Did not match:
         - @ConditionalOnClass did not find required class 'graphql.GraphQL' (OnClassCondition)

   GraphQlWebMvcAutoConfiguration:
      Did not match:
         - @ConditionalOnClass did not find required class 'graphql.GraphQL' (OnClassCondition)

   GraphQlWebMvcSecurityAutoConfiguration:
      Did not match:
         - @ConditionalOnClass did not find required class 'graphql.GraphQL' (OnClassCondition)

   GroovyTemplateAutoConfiguration:
      Did not match:
         - @ConditionalOnClass did not find required class 'groovy.text.markup.MarkupTemplateEngine' (OnClassCondition)

   GsonHttpMessageConvertersConfiguration.GsonHttpMessageConverterConfiguration:
      Did not match:
         - AnyNestedCondition 0 matched 2 did not; NestedCondition on GsonHttpMessageConvertersConfiguration.PreferGsonOrJacksonAndJsonbUnavailableCondition.JacksonJsonbUnavailable NoneNestedConditions 1 matched 1 did not; NestedCondition on GsonHttpMessageConvertersConfiguration.JacksonAndJsonbUnavailableCondition.JsonbPreferred @ConditionalOnProperty (spring.mvc.converters.preferred-json-mapper=jsonb) did not find property 'spring.mvc.converters.preferred-json-mapper'; NestedCondition on GsonHttpMessageConvertersConfiguration.JacksonAndJsonbUnavailableCondition.JacksonAvailable @ConditionalOnBean (types: org.springframework.http.converter.json.MappingJackson2HttpMessageConverter; SearchStrategy: all) found bean 'mappingJackson2HttpMessageConverter'; NestedCondition on GsonHttpMessageConvertersConfiguration.PreferGsonOrJacksonAndJsonbUnavailableCondition.GsonPreferred @ConditionalOnProperty (spring.mvc.converters.preferred-json-mapper=gson) did not find property 'spring.mvc.converters.preferred-json-mapper' (GsonHttpMessageConvertersConfiguration.PreferGsonOrJacksonAndJsonbUnavailableCondition)

   H2ConsoleAutoConfiguration:
      Did not match:
         - @ConditionalOnClass did not find required class 'org.h2.server.web.JakartaWebServlet' (OnClassCondition)

   HazelcastAutoConfiguration:
      Did not match:
         - @ConditionalOnClass did not find required class 'com.hazelcast.core.HazelcastInstance' (OnClassCondition)

   HazelcastCacheConfiguration:
      Did not match:
         - @ConditionalOnClass did not find required class 'com.hazelcast.core.HazelcastInstance' (OnClassCondition)

   HazelcastJpaDependencyAutoConfiguration:
      Did not match:
         - @ConditionalOnClass did not find required class 'com.hazelcast.core.HazelcastInstance' (OnClassCondition)

   HibernateJpaAutoConfiguration:
      Did not match:
         - @ConditionalOnClass did not find required class 'jakarta.persistence.EntityManager' (OnClassCondition)

   HttpHandlerAutoConfiguration:
      Did not match:
         - @ConditionalOnClass did not find required class 'org.springframework.web.reactive.DispatcherHandler' (OnClassCondition)

   HypermediaAutoConfiguration:
      Did not match:
         - @ConditionalOnClass did not find required class 'org.springframework.hateoas.EntityModel' (OnClassCondition)

   InfinispanCacheConfiguration:
      Did not match:
         - @ConditionalOnClass did not find required class 'org.infinispan.spring.embedded.provider.SpringEmbeddedCacheManager' (OnClassCondition)

   InfluxDbAutoConfiguration:
      Did not match:
         - @ConditionalOnClass did not find required class 'org.influxdb.InfluxDB' (OnClassCondition)

   IntegrationAutoConfiguration:
      Did not match:
         - @ConditionalOnClass did not find required class 'org.springframework.integration.config.EnableIntegration' (OnClassCondition)

   JCacheCacheConfiguration:
      Did not match:
         - @ConditionalOnClass did not find required class 'javax.cache.Caching' (OnClassCondition)

   JacksonHttpMessageConvertersConfiguration.MappingJackson2XmlHttpMessageConverterConfiguration:
      Did not match:
         - @ConditionalOnClass did not find required class 'com.fasterxml.jackson.dataformat.xml.XmlMapper' (OnClassCondition)

   JdbcClientAutoConfiguration:
      Did not match:
         - @ConditionalOnSingleCandidate did not find required type 'org.springframework.jdbc.core.namedparam.NamedParameterJdbcTemplate' (OnBeanCondition)

   JdbcRepositoriesAutoConfiguration:
      Did not match:
         - @ConditionalOnClass did not find required class 'org.springframework.data.jdbc.repository.config.AbstractJdbcConfiguration' (OnClassCondition)

   JdbcTemplateAutoConfiguration:
      Did not match:
         - @ConditionalOnClass did not find required class 'org.springframework.jdbc.core.JdbcTemplate' (OnClassCondition)

   JerseyAutoConfiguration:
      Did not match:
         - @ConditionalOnClass did not find required class 'org.glassfish.jersey.server.spring.SpringComponentProvider' (OnClassCondition)

   JmsAutoConfiguration:
      Did not match:
         - @ConditionalOnClass did not find required class 'jakarta.jms.Message' (OnClassCondition)

   JmxAutoConfiguration:
      Did not match:
         - @ConditionalOnProperty (spring.jmx.enabled=true) found different value in property 'enabled' (OnPropertyCondition)
      Matched:
         - @ConditionalOnClass found required class 'org.springframework.jmx.export.MBeanExporter' (OnClassCondition)

   JndiConnectionFactoryAutoConfiguration:
      Did not match:
         - @ConditionalOnClass did not find required class 'org.springframework.jms.core.JmsTemplate' (OnClassCondition)

   JndiDataSourceAutoConfiguration:
      Did not match:
         - @ConditionalOnClass did not find required class 'org.springframework.jdbc.datasource.embedded.EmbeddedDatabaseType' (OnClassCondition)

   JooqAutoConfiguration:
      Did not match:
         - @ConditionalOnClass did not find required class 'org.jooq.DSLContext' (OnClassCondition)

   JpaRepositoriesAutoConfiguration:
      Did not match:
         - @ConditionalOnClass did not find required class 'org.springframework.data.jpa.repository.JpaRepository' (OnClassCondition)

   JsonbAutoConfiguration:
      Did not match:
         - @ConditionalOnClass did not find required class 'jakarta.json.bind.Jsonb' (OnClassCondition)

   JsonbHttpMessageConvertersConfiguration:
      Did not match:
         - @ConditionalOnClass did not find required class 'jakarta.json.bind.Jsonb' (OnClassCondition)

   JtaAutoConfiguration:
      Did not match:
         - @ConditionalOnClass did not find required class 'jakarta.transaction.Transaction' (OnClassCondition)

   KafkaAutoConfiguration:
      Did not match:
         - @ConditionalOnClass did not find required class 'org.springframework.kafka.core.KafkaTemplate' (OnClassCondition)

   LdapAutoConfiguration:
      Did not match:
         - @ConditionalOnClass did not find required class 'org.springframework.ldap.core.ContextSource' (OnClassCondition)

   LdapRepositoriesAutoConfiguration:
      Did not match:
         - @ConditionalOnClass did not find required class 'org.springframework.data.ldap.repository.LdapRepository' (OnClassCondition)

   LiquibaseAutoConfiguration:
      Did not match:
         - @ConditionalOnClass did not find required class 'liquibase.change.DatabaseChange' (OnClassCondition)

   MailSenderAutoConfiguration:
      Did not match:
         - @ConditionalOnClass did not find required class 'jakarta.mail.internet.MimeMessage' (OnClassCondition)

   MailSenderValidatorAutoConfiguration:
      Did not match:
         - @ConditionalOnSingleCandidate did not find required type 'org.springframework.mail.javamail.JavaMailSenderImpl' (OnBeanCondition)

   MessageSourceAutoConfiguration:
      Did not match:
         - ResourceBundle did not find bundle with basename messages (MessageSourceAutoConfiguration.ResourceBundleCondition)

   MongoAutoConfiguration:
      Did not match:
         - @ConditionalOnClass did not find required class 'com.mongodb.client.MongoClient' (OnClassCondition)

   MongoDataAutoConfiguration:
      Did not match:
         - @ConditionalOnClass did not find required class 'com.mongodb.client.MongoClient' (OnClassCondition)

   MongoReactiveAutoConfiguration:
      Did not match:
         - @ConditionalOnClass did not find required class 'com.mongodb.reactivestreams.client.MongoClient' (OnClassCondition)

   MongoReactiveDataAutoConfiguration:
      Did not match:
         - @ConditionalOnClass did not find required class 'com.mongodb.reactivestreams.client.MongoClient' (OnClassCondition)

   MongoReactiveRepositoriesAutoConfiguration:
      Did not match:
         - @ConditionalOnClass did not find required class 'com.mongodb.reactivestreams.client.MongoClient' (OnClassCondition)

   MongoRepositoriesAutoConfiguration:
      Did not match:
         - @ConditionalOnClass did not find required class 'com.mongodb.client.MongoClient' (OnClassCondition)

   MustacheAutoConfiguration:
      Did not match:
         - @ConditionalOnClass did not find required class 'com.samskivert.mustache.Mustache' (OnClassCondition)

   Neo4jAutoConfiguration:
      Did not match:
         - @ConditionalOnClass did not find required class 'org.neo4j.driver.Driver' (OnClassCondition)

   Neo4jDataAutoConfiguration:
      Did not match:
         - @ConditionalOnClass did not find required class 'org.neo4j.driver.Driver' (OnClassCondition)

   Neo4jReactiveDataAutoConfiguration:
      Did not match:
         - @ConditionalOnClass did not find required class 'org.neo4j.driver.Driver' (OnClassCondition)

   Neo4jReactiveRepositoriesAutoConfiguration:
      Did not match:
         - @ConditionalOnClass did not find required class 'org.neo4j.driver.Driver' (OnClassCondition)

   Neo4jRepositoriesAutoConfiguration:
      Did not match:
         - @ConditionalOnClass did not find required class 'org.neo4j.driver.Driver' (OnClassCondition)

   NettyAutoConfiguration:
      Did not match:
         - @ConditionalOnClass did not find required class 'io.netty.util.NettyRuntime' (OnClassCondition)

   OAuth2AuthorizationServerAutoConfiguration:
      Did not match:
         - @ConditionalOnClass did not find required class 'org.springframework.security.oauth2.server.authorization.OAuth2Authorization' (OnClassCondition)

   OAuth2AuthorizationServerJwtAutoConfiguration:
      Did not match:
         - @ConditionalOnClass did not find required class 'org.springframework.security.oauth2.server.authorization.OAuth2Authorization' (OnClassCondition)

   OAuth2ClientAutoConfiguration:
      Did not match:
         - @ConditionalOnClass did not find required class 'org.springframework.security.config.annotation.web.configuration.EnableWebSecurity' (OnClassCondition)

   OAuth2ResourceServerAutoConfiguration:
      Did not match:
         - @ConditionalOnClass did not find required class 'org.springframework.security.oauth2.server.resource.authentication.BearerTokenAuthenticationToken' (OnClassCondition)

   PersistenceExceptionTranslationAutoConfiguration:
      Did not match:
         - @ConditionalOnClass did not find required class 'org.springframework.dao.annotation.PersistenceExceptionTranslationPostProcessor' (OnClassCondition)

   ProjectInfoAutoConfiguration#buildProperties:
      Did not match:
         - @ConditionalOnResource did not find resource '${spring.info.build.location:classpath:META-INF/build-info.properties}' (OnResourceCondition)

   ProjectInfoAutoConfiguration#gitProperties:
      Did not match:
         - GitResource did not find git info at classpath:git.properties (ProjectInfoAutoConfiguration.GitResourceAvailableCondition)

   PulsarAutoConfiguration:
      Did not match:
         - @ConditionalOnClass did not find required class 'org.apache.pulsar.client.api.PulsarClient' (OnClassCondition)

   PulsarReactiveAutoConfiguration:
      Did not match:
         - @ConditionalOnClass did not find required class 'org.apache.pulsar.client.api.PulsarClient' (OnClassCondition)

   QuartzAutoConfiguration:
      Did not match:
         - @ConditionalOnClass did not find required class 'org.quartz.Scheduler' (OnClassCondition)

   R2dbcAutoConfiguration:
      Did not match:
         - @ConditionalOnClass did not find required class 'io.r2dbc.spi.ConnectionFactory' (OnClassCondition)

   R2dbcDataAutoConfiguration:
      Did not match:
         - @ConditionalOnClass did not find required class 'org.springframework.data.r2dbc.core.R2dbcEntityTemplate' (OnClassCondition)

   R2dbcInitializationConfiguration:
      Did not match:
         - @ConditionalOnClass did not find required classes 'io.r2dbc.spi.ConnectionFactory', 'org.springframework.r2dbc.connection.init.DatabasePopulator' (OnClassCondition)

   R2dbcRepositoriesAutoConfiguration:
      Did not match:
         - @ConditionalOnClass did not find required class 'io.r2dbc.spi.ConnectionFactory' (OnClassCondition)

   R2dbcTransactionManagerAutoConfiguration:
      Did not match:
         - @ConditionalOnClass did not find required class 'org.springframework.r2dbc.connection.R2dbcTransactionManager' (OnClassCondition)

   RSocketGraphQlClientAutoConfiguration:
      Did not match:
         - @ConditionalOnClass did not find required class 'graphql.GraphQL' (OnClassCondition)

   RSocketMessagingAutoConfiguration:
      Did not match:
         - @ConditionalOnClass did not find required class 'io.rsocket.RSocket' (OnClassCondition)

   RSocketRequesterAutoConfiguration:
      Did not match:
         - @ConditionalOnClass did not find required class 'io.rsocket.RSocket' (OnClassCondition)

   RSocketSecurityAutoConfiguration:
      Did not match:
         - @ConditionalOnClass did not find required class 'org.springframework.security.rsocket.core.SecuritySocketAcceptorInterceptor' (OnClassCondition)

   RSocketServerAutoConfiguration:
      Did not match:
         - @ConditionalOnClass did not find required class 'io.rsocket.core.RSocketServer' (OnClassCondition)

   RSocketStrategiesAutoConfiguration:
      Did not match:
         - @ConditionalOnClass did not find required class 'io.netty.buffer.PooledByteBufAllocator' (OnClassCondition)

   RabbitAutoConfiguration:
      Did not match:
         - @ConditionalOnClass did not find required class 'com.rabbitmq.client.Channel' (OnClassCondition)

   ReactiveElasticsearchClientAutoConfiguration:
      Did not match:
         - @ConditionalOnClass did not find required class 'co.elastic.clients.transport.ElasticsearchTransport' (OnClassCondition)

   ReactiveElasticsearchRepositoriesAutoConfiguration:
      Did not match:
         - @ConditionalOnClass did not find required class 'org.springframework.data.elasticsearch.client.elc.ReactiveElasticsearchClient' (OnClassCondition)

   ReactiveMultipartAutoConfiguration:
      Did not match:
         - @ConditionalOnClass did not find required class 'org.springframework.web.reactive.config.WebFluxConfigurer' (OnClassCondition)

   ReactiveOAuth2ClientAutoConfiguration:
      Did not match:
         - @ConditionalOnClass did not find required class 'reactor.core.publisher.Flux' (OnClassCondition)

   ReactiveOAuth2ResourceServerAutoConfiguration:
      Did not match:
         - @ConditionalOnClass did not find required class 'org.springframework.security.config.annotation.web.reactive.EnableWebFluxSecurity' (OnClassCondition)

   ReactiveSecurityAutoConfiguration:
      Did not match:
         - @ConditionalOnClass did not find required class 'reactor.core.publisher.Flux' (OnClassCondition)

   ReactiveUserDetailsServiceAutoConfiguration:
      Did not match:
         - @ConditionalOnClass did not find required class 'org.springframework.security.authentication.ReactiveAuthenticationManager' (OnClassCondition)

   ReactiveWebServerFactoryAutoConfiguration:
      Did not match:
         - @ConditionalOnWebApplication did not find reactive web application classes (OnWebApplicationCondition)

   ReactorAutoConfiguration:
      Did not match:
         - @ConditionalOnClass did not find required class 'reactor.core.publisher.Hooks' (OnClassCondition)

   RedisAutoConfiguration:
      Did not match:
         - @ConditionalOnClass did not find required class 'org.springframework.data.redis.core.RedisOperations' (OnClassCondition)

   RedisCacheConfiguration:
      Did not match:
         - @ConditionalOnClass did not find required class 'org.springframework.data.redis.connection.RedisConnectionFactory' (OnClassCondition)

   RedisReactiveAutoConfiguration:
      Did not match:
         - @ConditionalOnClass did not find required class 'reactor.core.publisher.Flux' (OnClassCondition)

   RedisRepositoriesAutoConfiguration:
      Did not match:
         - @ConditionalOnClass did not find required class 'org.springframework.data.redis.repository.configuration.EnableRedisRepositories' (OnClassCondition)

   RepositoryRestMvcAutoConfiguration:
      Did not match:
         - @ConditionalOnClass did not find required class 'org.springframework.data.rest.webmvc.config.RepositoryRestMvcConfiguration' (OnClassCondition)

   Saml2RelyingPartyAutoConfiguration:
      Did not match:
         - @ConditionalOnClass did not find required class 'org.springframework.security.saml2.provider.service.registration.RelyingPartyRegistrationRepository' (OnClassCondition)

   SecurityAutoConfiguration:
      Did not match:
         - @ConditionalOnClass did not find required class 'org.springframework.security.authentication.DefaultAuthenticationEventPublisher' (OnClassCondition)

   SecurityFilterAutoConfiguration:
      Did not match:
         - @ConditionalOnClass did not find required class 'org.springframework.security.config.http.SessionCreationPolicy' (OnClassCondition)

   SendGridAutoConfiguration:
      Did not match:
         - @ConditionalOnClass did not find required class 'com.sendgrid.SendGrid' (OnClassCondition)

   ServletWebServerFactoryAutoConfiguration.ForwardedHeaderFilterConfiguration:
      Did not match:
         - @ConditionalOnProperty (server.forward-headers-strategy=framework) did not find property 'server.forward-headers-strategy' (OnPropertyCondition)

   ServletWebServerFactoryConfiguration.EmbeddedJetty:
      Did not match:
         - @ConditionalOnClass did not find required classes 'org.eclipse.jetty.server.Server', 'org.eclipse.jetty.util.Loader', 'org.eclipse.jetty.ee10.webapp.WebAppContext' (OnClassCondition)

   ServletWebServerFactoryConfiguration.EmbeddedUndertow:
      Did not match:
         - @ConditionalOnClass did not find required classes 'io.undertow.Undertow', 'org.xnio.SslClientAuthMode' (OnClassCondition)

   SessionAutoConfiguration:
      Did not match:
         - @ConditionalOnClass did not find required class 'org.springframework.session.Session' (OnClassCondition)

   SpringApplicationAdminJmxAutoConfiguration:
      Did not match:
         - @ConditionalOnProperty (spring.application.admin.enabled=true) did not find property 'enabled' (OnPropertyCondition)

   SpringDataWebAutoConfiguration:
      Did not match:
         - @ConditionalOnClass did not find required class 'org.springframework.data.web.PageableHandlerMethodArgumentResolver' (OnClassCondition)

   TaskExecutorConfigurations.SimpleAsyncTaskExecutorBuilderConfiguration#simpleAsyncTaskExecutorBuilderVirtualThreads:
      Did not match:
         - @ConditionalOnMissingBean (types: org.springframework.boot.task.SimpleAsyncTaskExecutorBuilder; SearchStrategy: all) found beans of type 'org.springframework.boot.task.SimpleAsyncTaskExecutorBuilder' simpleAsyncTaskExecutorBuilder (OnBeanCondition)

   TaskExecutorConfigurations.TaskExecutorConfiguration#applicationTaskExecutorVirtualThreads:
      Did not match:
         - @ConditionalOnThreading did not find VIRTUAL (OnThreadingCondition)

   TaskSchedulingAutoConfiguration#scheduledBeanLazyInitializationExcludeFilter:
      Did not match:
         - @ConditionalOnBean (names: org.springframework.context.annotation.internalScheduledAnnotationProcessor; SearchStrategy: all) did not find any beans named org.springframework.context.annotation.internalScheduledAnnotationProcessor (OnBeanCondition)

   TaskSchedulingConfigurations.SimpleAsyncTaskSchedulerBuilderConfiguration#simpleAsyncTaskSchedulerBuilderVirtualThreads:
      Did not match:
         - @ConditionalOnMissingBean (types: org.springframework.boot.task.SimpleAsyncTaskSchedulerBuilder; SearchStrategy: all) found beans of type 'org.springframework.boot.task.SimpleAsyncTaskSchedulerBuilder' simpleAsyncTaskSchedulerBuilder (OnBeanCondition)

   TaskSchedulingConfigurations.TaskSchedulerConfiguration:
      Did not match:
         - @ConditionalOnBean (names: org.springframework.context.annotation.internalScheduledAnnotationProcessor; SearchStrategy: all) did not find any beans named org.springframework.context.annotation.internalScheduledAnnotationProcessor (OnBeanCondition)

   ThymeleafAutoConfiguration:
      Did not match:
         - @ConditionalOnClass did not find required class 'org.thymeleaf.spring6.SpringTemplateEngine' (OnClassCondition)

   TransactionAutoConfiguration:
      Did not match:
         - @ConditionalOnClass did not find required class 'org.springframework.transaction.PlatformTransactionManager' (OnClassCondition)

   TransactionManagerCustomizationAutoConfiguration:
      Did not match:
         - @ConditionalOnClass did not find required class 'org.springframework.transaction.PlatformTransactionManager' (OnClassCondition)

   UserDetailsServiceAutoConfiguration:
      Did not match:
         - @ConditionalOnClass did not find required class 'org.springframework.security.authentication.AuthenticationManager' (OnClassCondition)

   ValidationAutoConfiguration:
      Did not match:
         - @ConditionalOnClass did not find required class 'jakarta.validation.executable.ExecutableValidator' (OnClassCondition)

   WebClientAutoConfiguration:
      Did not match:
         - @ConditionalOnClass did not find required class 'org.springframework.web.reactive.function.client.WebClient' (OnClassCondition)

   WebFluxAutoConfiguration:
      Did not match:
         - @ConditionalOnClass did not find required class 'org.springframework.web.reactive.config.WebFluxConfigurer' (OnClassCondition)

   WebMvcAutoConfiguration#hiddenHttpMethodFilter:
      Did not match:
         - @ConditionalOnProperty (spring.mvc.hiddenmethod.filter.enabled) did not find property 'enabled' (OnPropertyCondition)

   WebMvcAutoConfiguration.ProblemDetailsErrorHandlingConfiguration:
      Did not match:
         - @ConditionalOnProperty (spring.mvc.problemdetails.enabled=true) did not find property 'enabled' (OnPropertyCondition)

   WebMvcAutoConfiguration.ResourceChainCustomizerConfiguration:
      Did not match:
         - @ConditionalOnEnabledResourceChain did not find class org.webjars.WebJarAssetLocator (OnEnabledResourceChainCondition)

   WebMvcAutoConfiguration.WebMvcAutoConfigurationAdapter#beanNameViewResolver:
      Did not match:
         - @ConditionalOnMissingBean (types: org.springframework.web.servlet.view.BeanNameViewResolver; SearchStrategy: all) found beans of type 'org.springframework.web.servlet.view.BeanNameViewResolver' beanNameViewResolver (OnBeanCondition)

   WebServicesAutoConfiguration#wsdlDefinitionBeanFactoryPostProcessor:
      Did not match:
         - WSDL locations did not find property spring.webservices.wsdl-locations (OnWsdlLocationsCondition)

   WebSessionIdResolverAutoConfiguration:
      Did not match:
         - @ConditionalOnClass did not find required class 'reactor.core.publisher.Mono' (OnClassCondition)

   WebSocketMessagingAutoConfiguration:
      Did not match:
         - @ConditionalOnClass did not find required class 'org.springframework.web.socket.config.annotation.WebSocketMessageBrokerConfigurer' (OnClassCondition)

   WebSocketReactiveAutoConfiguration:
      Did not match:
         - @ConditionalOnWebApplication did not find reactive web application classes (OnWebApplicationCondition)

   WebSocketServletAutoConfiguration.JettyWebSocketConfiguration:
      Did not match:
         - @ConditionalOnClass did not find required class 'org.eclipse.jetty.ee10.websocket.jakarta.server.config.JakartaWebSocketServletContainerInitializer' (OnClassCondition)

   WebSocketServletAutoConfiguration.UndertowWebSocketConfiguration:
      Did not match:
         - @ConditionalOnClass did not find required class 'io.undertow.websockets.jsr.Bootstrap' (OnClassCondition)

   XADataSourceAutoConfiguration:
      Did not match:
         - @ConditionalOnClass did not find required class 'jakarta.transaction.TransactionManager' (OnClassCondition)


Exclusions:
-----------

    None


Unconditional classes:
----------------------

    org.springframework.boot.autoconfigure.context.ConfigurationPropertiesAutoConfiguration

    org.springframework.boot.autoconfigure.ssl.SslAutoConfiguration

    org.springframework.boot.autoconfigure.context.LifecycleAutoConfiguration

    org.springframework.boot.autoconfigure.context.PropertyPlaceholderAutoConfiguration

    org.springframework.boot.autoconfigure.availability.ApplicationAvailabilityAutoConfiguration

    org.springframework.boot.autoconfigure.info.ProjectInfoAutoConfiguration



13:20:46.940 [main] INFO  c.diam.app.SampleWarApplicationTests - 
Started SampleWarApplicationTests in 4.037 seconds (process running for 6.718)
13:20:46.942 [main] DEBUG o.s.b.a.ApplicationAvailabilityBean - 
Application availability state LivenessState changed to CORRECT
13:20:46.948 [main] DEBUG o.s.b.a.ApplicationAvailabilityBean - 
Application availability state ReadinessState changed to ACCEPTING_TRAFFIC
13:20:46.955 [main] DEBUG o.springframework.test.context.cache - 
Spring test ApplicationContext cache statistics: [DefaultContextCache@7c11d32 size = 1, maxSize = 32, parentContextCount = 0, hitCount = 0, missCount = 1, failureCount = 0]
13:20:46.958 [main] DEBUG o.s.t.c.w.ServletTestExecutionListener - 
Setting up MockHttpServletRequest, MockHttpServletResponse, ServletWebRequest, and RequestContextHolder for test class com.diam.app.SampleWarApplicationTests
13:20:46.975 [main] DEBUG o.s.t.c.s.DependencyInjectionTestExecutionListener - 
Performing dependency injection for test class com.diam.app.SampleWarApplicationTests
13:20:46.976 [main] DEBUG o.springframework.test.context.cache - 
Spring test ApplicationContext cache statistics: [DefaultContextCache@7c11d32 size = 1, maxSize = 32, parentContextCount = 0, hitCount = 1, missCount = 1, failureCount = 0]
13:20:46.977 [main] DEBUG o.springframework.test.context.cache - 
Spring test ApplicationContext cache statistics: [DefaultContextCache@7c11d32 size = 1, maxSize = 32, parentContextCount = 0, hitCount = 2, missCount = 1, failureCount = 0]
13:20:46.997 [main] DEBUG o.s.t.c.s.DirtiesContextBeforeModesTestExecutionListener - 
Before test method: class [SampleWarApplicationTests], method [contextLoads], class annotated with @DirtiesContext [false] with mode [null], method annotated with @DirtiesContext [false] with mode [null]
13:20:46.998 [main] DEBUG o.springframework.test.context.cache - 
Spring test ApplicationContext cache statistics: [DefaultContextCache@7c11d32 size = 1, maxSize = 32, parentContextCount = 0, hitCount = 3, missCount = 1, failureCount = 0]
13:20:46.999 [main] DEBUG o.springframework.test.context.cache - 
Spring test ApplicationContext cache statistics: [DefaultContextCache@7c11d32 size = 1, maxSize = 32, parentContextCount = 0, hitCount = 4, missCount = 1, failureCount = 0]
13:20:47.750 [main] DEBUG o.springframework.test.context.cache - 
Spring test ApplicationContext cache statistics: [DefaultContextCache@7c11d32 size = 1, maxSize = 32, parentContextCount = 0, hitCount = 5, missCount = 1, failureCount = 0]
13:20:47.758 [main] DEBUG o.springframework.test.context.cache - 
Spring test ApplicationContext cache statistics: [DefaultContextCache@7c11d32 size = 1, maxSize = 32, parentContextCount = 0, hitCount = 6, missCount = 1, failureCount = 0]
13:20:47.760 [main] DEBUG o.springframework.test.context.cache - 
Spring test ApplicationContext cache statistics: [DefaultContextCache@7c11d32 size = 1, maxSize = 32, parentContextCount = 0, hitCount = 7, missCount = 1, failureCount = 0]
13:20:47.761 [main] DEBUG o.springframework.test.context.cache - 
Spring test ApplicationContext cache statistics: [DefaultContextCache@7c11d32 size = 1, maxSize = 32, parentContextCount = 0, hitCount = 8, missCount = 1, failureCount = 0]
13:20:47.765 [main] DEBUG o.springframework.test.context.cache - 
Spring test ApplicationContext cache statistics: [DefaultContextCache@7c11d32 size = 1, maxSize = 32, parentContextCount = 0, hitCount = 9, missCount = 1, failureCount = 0]
13:20:47.766 [main] DEBUG o.springframework.test.context.cache - 
Spring test ApplicationContext cache statistics: [DefaultContextCache@7c11d32 size = 1, maxSize = 32, parentContextCount = 0, hitCount = 10, missCount = 1, failureCount = 0]
13:20:47.770 [main] DEBUG o.springframework.test.context.cache - 
Spring test ApplicationContext cache statistics: [DefaultContextCache@7c11d32 size = 1, maxSize = 32, parentContextCount = 0, hitCount = 11, missCount = 1, failureCount = 0]
13:20:47.771 [main] DEBUG o.s.t.c.s.DirtiesContextTestExecutionListener - 
After test method: class [SampleWarApplicationTests], method [contextLoads], class annotated with @DirtiesContext [false] with mode [null], method annotated with @DirtiesContext [false] with mode [null]
13:20:47.771 [main] DEBUG o.s.t.c.w.ServletTestExecutionListener - 
Resetting RequestContextHolder for test class com.diam.app.SampleWarApplicationTests
]]></system-out>
  </testcase>
</testsuite>